Log file open, 09/18/23 08:03:35
LogWindows: Failed to load 'aqProf.dll' (GetLastError=126)
LogWindows: File 'aqProf.dll' does not exist
LogWindows: Failed to load 'VtuneApi.dll' (GetLastError=126)
LogWindows: File 'VtuneApi.dll' does not exist
LogWindows: Failed to load 'VtuneApi32e.dll' (GetLastError=126)
LogWindows: File 'VtuneApi32e.dll' does not exist
LogConsoleResponse: Display: Failed to find resolution value strings in scalability ini. Falling back to default.
LogConsoleResponse: Display: Failed to find resolution value strings in scalability ini. Falling back to default.
LogInit: Display: Running engine for game: First_Prototype
LogPlatformFile: Not using cached read wrapper
LogTaskGraph: Started task graph with 5 named threads and 23 total threads with 3 sets of task threads.
LogStats: Stats thread started at 0.552498
LogICUInternationalization: ICU TimeZone Detection - Raw Offset: -3:00, Platform Override: ''
LogInit: Display: Loading text-based GConfig....
LogPluginManager: Mounting plugin MeshPainting
LogPluginManager: Mounting plugin XGEController
LogPluginManager: Mounting plugin Paper2D
LogPluginManager: Mounting plugin AISupport
LogPluginManager: Mounting plugin EnvironmentQueryEditor
LogPluginManager: Mounting plugin LiveLink
LogPluginManager: Mounting plugin LightPropagationVolume
LogPluginManager: Mounting plugin GameplayCameras
LogPluginManager: Mounting plugin CameraShakePreviewer
LogPluginManager: Mounting plugin OodleData
LogPluginManager: Mounting plugin OodleNetwork
LogPluginManager: Mounting plugin AssetManagerEditor
LogPluginManager: Mounting plugin CryptoKeys
LogPluginManager: Mounting plugin CurveEditorTools
LogPluginManager: Mounting plugin DataValidation
LogPluginManager: Mounting plugin FacialAnimation
LogPluginManager: Mounting plugin GameplayTagsEditor
LogPluginManager: Mounting plugin GeometryMode
LogPluginManager: Mounting plugin MaterialAnalyzer
LogPluginManager: Mounting plugin MobileLauncherProfileWizard
LogPluginManager: Mounting plugin PluginBrowser
LogPluginManager: Mounting plugin MacGraphicsSwitching
LogPluginManager: Mounting plugin SpeedTreeImporter
LogPluginManager: Mounting plugin AnimationSharing
LogPluginManager: Mounting plugin DatasmithContent
LogPluginManager: Mounting plugin CLionSourceCodeAccess
LogPluginManager: Mounting plugin VariantManagerContent
LogPluginManager: Mounting plugin LuminPlatformFeatures
LogPluginManager: Mounting plugin CodeLiteSourceCodeAccess
LogPluginManager: Mounting plugin MagicLeap
LogPluginManager: Mounting plugin GitSourceControl
LogPluginManager: Mounting plugin KDevelopSourceCodeAccess
LogPluginManager: Mounting plugin NullSourceCodeAccess
LogPluginManager: Mounting plugin AlembicImporter
LogPluginManager: Mounting plugin PerforceSourceControl
LogPluginManager: Mounting plugin AutomationUtils
LogPluginManager: Mounting plugin PlasticSourceControl
LogPluginManager: Mounting plugin BackChannel
LogPluginManager: Mounting plugin PixWinPlugin
LogPluginManager: Mounting plugin PluginUtils
LogPluginManager: Mounting plugin PropertyAccessNode
LogPluginManager: Mounting plugin ChaosCloth
LogPluginManager: Mounting plugin ChaosEditor
LogPluginManager: Mounting plugin ChaosClothEditor
LogPluginManager: Mounting plugin ChaosNiagara
LogPluginManager: Mounting plugin ChaosSolverPlugin
LogPluginManager: Mounting plugin Niagara
LogPluginManager: Mounting plugin MagicLeapLightEstimation
LogPluginManager: Mounting plugin CharacterAI
LogPluginManager: Mounting plugin MagicLeapMedia
LogPluginManager: Mounting plugin MagicLeapPassableWorld
LogPluginManager: Mounting plugin MLSDK
LogPluginManager: Mounting plugin GeometryCache
LogPluginManager: Mounting plugin GeometryCollectionPlugin
LogPluginManager: Mounting plugin RiderSourceCodeAccess
LogPluginManager: Mounting plugin SubversionSourceControl
LogPluginManager: Mounting plugin TextureFormatOodle
LogPluginManager: Mounting plugin UObjectPlugin
LogPluginManager: Mounting plugin VisualStudioCodeSourceCodeAccess
LogPluginManager: Mounting plugin VisualStudioSourceCodeAccess
LogPluginManager: Mounting plugin XCodeSourceCodeAccess
LogPluginManager: Mounting plugin GeometryProcessing
LogPluginManager: Mounting plugin MotoSynth
LogPluginManager: Mounting plugin OpenImageDenoise
LogPluginManager: Mounting plugin PlanarCut
LogPluginManager: Mounting plugin PlatformCrypto
LogPluginManager: Mounting plugin ProxyLODPlugin
LogPluginManager: Mounting plugin PythonScriptPlugin
LogPluginManager: Mounting plugin SkeletalReduction
LogPluginManager: Mounting plugin ActorSequence
LogPluginManager: Mounting plugin LevelSequenceEditor
LogPluginManager: Mounting plugin MatineeToLevelSequence
LogPluginManager: Mounting plugin AndroidMedia
LogPluginManager: Mounting plugin TemplateSequence
LogPluginManager: Mounting plugin AvfMedia
LogPluginManager: Mounting plugin TcpMessaging
LogPluginManager: Mounting plugin UdpMessaging
LogPluginManager: Mounting plugin ImgMedia
LogPluginManager: Mounting plugin MediaCompositing
LogPluginManager: Mounting plugin MediaPlayerEditor
LogPluginManager: Mounting plugin WmfMedia
LogPluginManager: Mounting plugin WebMMedia
LogPluginManager: Mounting plugin LauncherChunkInstaller
LogPluginManager: Mounting plugin OnlineSubsystem
LogPluginManager: Mounting plugin OnlineSubsystemNull
LogPluginManager: Mounting plugin OnlineSubsystemUtils
LogPluginManager: Mounting plugin ActorLayerUtilities
LogPluginManager: Mounting plugin AndroidPermission
LogPluginManager: Mounting plugin AndroidDeviceProfileSelector
LogPluginManager: Mounting plugin AppleImageUtils
LogPluginManager: Mounting plugin AppleMoviePlayer
LogPluginManager: Mounting plugin AndroidMoviePlayer
LogPluginManager: Mounting plugin ArchVisCharacter
LogPluginManager: Mounting plugin AssetTags
LogPluginManager: Mounting plugin AudioCapture
LogPluginManager: Mounting plugin AudioSynesthesia
LogPluginManager: Mounting plugin CustomMeshComponent
LogPluginManager: Mounting plugin CableComponent
LogPluginManager: Mounting plugin ChunkDownloader
LogPluginManager: Mounting plugin EditableMesh
LogPluginManager: Mounting plugin ExampleDeviceProfileSelector
LogPluginManager: Mounting plugin GoogleCloudMessaging
LogPluginManager: Mounting plugin GooglePAD
LogPluginManager: Mounting plugin ScreenshotTools
LogPluginManager: Mounting plugin IOSDeviceProfileSelector
LogPluginManager: Mounting plugin LinuxDeviceProfileSelector
LogPluginManager: Mounting plugin LocationServicesBPLibrary
LogPluginManager: Mounting plugin MobilePatchingUtils
LogPluginManager: Mounting plugin OpenXREyeTracker
LogPluginManager: Mounting plugin OpenXR
LogPluginManager: Mounting plugin OpenXRHandTracking
LogPluginManager: Mounting plugin PhysXVehicles
LogPluginManager: Mounting plugin PostSplashScreen
LogPluginManager: Mounting plugin ProceduralMeshComponent
LogPluginManager: Mounting plugin PropertyAccessEditor
LogPluginManager: Mounting plugin RuntimePhysXCooking
LogPluginManager: Mounting plugin SignificanceManager
LogPluginManager: Mounting plugin Takes
LogPluginManager: Mounting plugin SoundFields
LogPluginManager: Mounting plugin Synthesis
LogPluginManager: Mounting plugin WebMMoviePlayer
LogPluginManager: Mounting plugin WindowsMoviePlayer
LogPluginManager: Mounting plugin ContentBrowserAssetDataSource
LogPluginManager: Mounting plugin ContentBrowserFileDataSource
LogPluginManager: Mounting plugin ContentBrowserClassDataSource
LogPluginManager: Mounting plugin OnlineSubsystemIOS
LogPluginManager: Mounting plugin OnlineSubsystemGooglePlay
LogPluginManager: Mounting plugin OculusVR
LogPluginManager: Mounting plugin SteamVR
PixWinPlugin: PIX capture plugin failed to initialize! Check that the process is launched from PIX.
LogInit: Using libcurl 7.55.1-DEV
LogInit:  - built for x86_64-pc-win32
LogInit:  - supports SSL with OpenSSL/1.1.1
LogInit:  - supports HTTP deflate (compression) using libz 1.2.8
LogInit:  - other features:
LogInit:      CURL_VERSION_SSL
LogInit:      CURL_VERSION_LIBZ
LogInit:      CURL_VERSION_IPV6
LogInit:      CURL_VERSION_ASYNCHDNS
LogInit:      CURL_VERSION_LARGEFILE
LogInit:      CURL_VERSION_IDN
LogInit:  CurlRequestOptions (configurable via config and command line):
LogInit:  - bVerifyPeer = true  - Libcurl will verify peer certificate
LogInit:  - bUseHttpProxy = false  - Libcurl will NOT use HTTP proxy
LogInit:  - bDontReuseConnections = false  - Libcurl will reuse connections
LogInit:  - MaxHostConnections = 16  - Libcurl will limit the number of connections to a host
LogInit:  - LocalHostAddr = Default
LogInit:  - BufferSize = 65536
LogOnline: OSS: Creating online subsystem instance for: NULL
LogInit: WinSock: version 1.1 (2.2), MaxSocks=32767, MaxUdp=65467
LogOnline: OSS: TryLoadSubsystemAndSetDefault: Loaded subsystem for module [NULL]
LogOculusPluginWrapper: OculusPlugin initialized successfully
LogHMD: Failed initializing OVRPlugin 1.59.0
LogInit: Build: ++UE4+Release-4.27-CL-18319896
LogInit: Engine Version: 4.27.2-18319896+++UE4+Release-4.27
LogInit: Compatible Engine Version: 4.27.0-17155196+++UE4+Release-4.27
LogInit: Net CL: 17155196
LogInit: OS: Windows 10 (Release 2009) (), CPU: Intel(R) Core(TM) i5-10210U CPU @ 1.60GHz, GPU: Intel(R) UHD Graphics
LogInit: Compiled (64-bit): Nov 30 2021 07:12:08
LogInit: Compiled with Visual C++: 19.24.28315.00
LogInit: Build Configuration: Development
LogInit: Branch Name: ++UE4+Release-4.27
LogInit: Command Line: 
LogInit: Base Directory: C:/Program Files/Epic Games/UE_4.27/Engine/Binaries/Win64/
LogInit: Allocator: TBB
LogInit: Installed Engine Build: 1
LogDevObjectVersion: Number of dev versions registered: 29
LogDevObjectVersion:   Dev-Blueprints (B0D832E4-1F89-4F0D-ACCF-7EB736FD4AA2): 10
LogDevObjectVersion:   Dev-Build (E1C64328-A22C-4D53-A36C-8E866417BD8C): 0
LogDevObjectVersion:   Dev-Core (375EC13C-06E4-48FB-B500-84F0262A717E): 4
LogDevObjectVersion:   Dev-Editor (E4B068ED-F494-42E9-A231-DA0B2E46BB41): 40
LogDevObjectVersion:   Dev-Framework (CFFC743F-43B0-4480-9391-14DF171D2073): 37
LogDevObjectVersion:   Dev-Mobile (B02B49B5-BB20-44E9-A304-32B752E40360): 3
LogDevObjectVersion:   Dev-Networking (A4E4105C-59A1-49B5-A7C5-40C4547EDFEE): 0
LogDevObjectVersion:   Dev-Online (39C831C9-5AE6-47DC-9A44-9C173E1C8E7C): 0
LogDevObjectVersion:   Dev-Physics (78F01B33-EBEA-4F98-B9B4-84EACCB95AA2): 14
LogDevObjectVersion:   Dev-Platform (6631380F-2D4D-43E0-8009-CF276956A95A): 0
LogDevObjectVersion:   Dev-Rendering (12F88B9F-8875-4AFC-A67C-D90C383ABD29): 45
LogDevObjectVersion:   Dev-Sequencer (7B5AE74C-D270-4C10-A958-57980B212A5A): 13
LogDevObjectVersion:   Dev-VR (D7296918-1DD6-4BDD-9DE2-64A83CC13884): 3
LogDevObjectVersion:   Dev-LoadTimes (C2A15278-BFE7-4AFE-6C17-90FF531DF755): 1
LogDevObjectVersion:   Private-Geometry (6EACA3D4-40EC-4CC1-B786-8BED09428FC5): 3
LogDevObjectVersion:   Dev-AnimPhys (29E575DD-E0A3-4627-9D10-D276232CDCEA): 17
LogDevObjectVersion:   Dev-Anim (AF43A65D-7FD3-4947-9873-3E8ED9C1BB05): 15
LogDevObjectVersion:   Dev-ReflectionCapture (6B266CEC-1EC7-4B8F-A30B-E4D90942FC07): 1
LogDevObjectVersion:   Dev-Automation (0DF73D61-A23F-47EA-B727-89E90C41499A): 1
LogDevObjectVersion:   FortniteMain (601D1886-AC64-4F84-AA16-D3DE0DEAC7D6): 47
LogDevObjectVersion:   FortniteRelease (E7086368-6B23-4C58-8439-1B7016265E91): 1
LogDevObjectVersion:   Dev-Enterprise (9DFFBCD6-494F-0158-E221-12823C92A888): 10
LogDevObjectVersion:   Dev-Niagara (F2AED0AC-9AFE-416F-8664-AA7FFA26D6FC): 1
LogDevObjectVersion:   Dev-Destruction (174F1F0B-B4C6-45A5-B13F-2EE8D0FB917D): 10
LogDevObjectVersion:   Dev-Physics-Ext (35F94A83-E258-406C-A318-09F59610247C): 41
LogDevObjectVersion:   Dev-PhysicsMaterial-Chaos (B68FC16E-8B1B-42E2-B453-215C058844FE): 1
LogDevObjectVersion:   Dev-CineCamera (B2E18506-4273-CFC2-A54E-F4BB758BBA07): 1
LogDevObjectVersion:   Dev-VirtualProduction (64F58936-FD1B-42BA-BA96-7289D5D0FA4E): 1
LogDevObjectVersion:   Dev-MediaFramework (6F0ED827-A609-4895-9C91-998D90180EA4): 2
LogInit: Presizing for max 25165824 objects, including 0 objects not considered by GC, pre-allocating 0 bytes for permanent pool.
LogConfig: Applying CVar settings from Section [/Script/Engine.StreamingSettings] File [C:/Users/arthu/Projetos/Unreal Projects/NOLBp/N-one_Left_Behind/Saved/Config/Windows/Engine.ini]
LogConfig: Setting CVar [[s.MinBulkDataSizeForAsyncLoading:131072]]
LogConfig: Setting CVar [[s.AsyncLoadingThreadEnabled:0]]
LogConfig: Setting CVar [[s.EventDrivenLoaderEnabled:1]]
LogConfig: Setting CVar [[s.WarnIfTimeLimitExceeded:0]]
LogConfig: Setting CVar [[s.TimeLimitExceededMultiplier:1.5]]
LogConfig: Setting CVar [[s.TimeLimitExceededMinTime:0.005]]
LogConfig: Setting CVar [[s.UseBackgroundLevelStreaming:1]]
LogConfig: Setting CVar [[s.PriorityAsyncLoadingExtraTime:15.0]]
LogConfig: Setting CVar [[s.LevelStreamingActorsUpdateTimeLimit:5.0]]
LogConfig: Setting CVar [[s.PriorityLevelStreamingActorsUpdateExtraTime:5.0]]
LogConfig: Setting CVar [[s.LevelStreamingComponentsRegistrationGranularity:10]]
LogConfig: Setting CVar [[s.UnregisterComponentsTimeLimit:1.0]]
LogConfig: Setting CVar [[s.LevelStreamingComponentsUnregistrationGranularity:5]]
LogConfig: Setting CVar [[s.FlushStreamingOnExit:1]]
LogInit: Object subsystem initialized
LogConfig: Setting CVar [[con.DebugEarlyDefault:1]]
LogConfig: Setting CVar [[r.setres:1280x720]]
[2023.09.18-11.03.36:221][  0]LogConfig: Setting CVar [[r.VSync:0]]
[2023.09.18-11.03.36:221][  0]LogConfig: Setting CVar [[r.RHICmdBypass:0]]
[2023.09.18-11.03.36:222][  0]LogConfig: Applying CVar settings from Section [/Script/Engine.RendererSettings] File [C:/Users/arthu/Projetos/Unreal Projects/NOLBp/N-one_Left_Behind/Saved/Config/Windows/Engine.ini]
[2023.09.18-11.03.36:222][  0]LogConfig: Setting CVar [[r.GPUCrashDebugging:0]]
[2023.09.18-11.03.36:222][  0]LogConfig: Applying CVar settings from Section [/Script/Engine.RendererOverrideSettings] File [C:/Users/arthu/Projetos/Unreal Projects/NOLBp/N-one_Left_Behind/Saved/Config/Windows/Engine.ini]
[2023.09.18-11.03.36:222][  0]LogConfig: Applying CVar settings from Section [/Script/Engine.StreamingSettings] File [C:/Users/arthu/Projetos/Unreal Projects/NOLBp/N-one_Left_Behind/Saved/Config/Windows/Engine.ini]
[2023.09.18-11.03.36:222][  0]LogConfig: Setting CVar [[s.MinBulkDataSizeForAsyncLoading:131072]]
[2023.09.18-11.03.36:222][  0]LogConfig: Setting CVar [[s.AsyncLoadingThreadEnabled:0]]
[2023.09.18-11.03.36:222][  0]LogConfig: Setting CVar [[s.EventDrivenLoaderEnabled:1]]
[2023.09.18-11.03.36:222][  0]LogConfig: Setting CVar [[s.WarnIfTimeLimitExceeded:0]]
[2023.09.18-11.03.36:222][  0]LogConfig: Setting CVar [[s.TimeLimitExceededMultiplier:1.5]]
[2023.09.18-11.03.36:222][  0]LogConfig: Setting CVar [[s.TimeLimitExceededMinTime:0.005]]
[2023.09.18-11.03.36:222][  0]LogConfig: Setting CVar [[s.UseBackgroundLevelStreaming:1]]
[2023.09.18-11.03.36:222][  0]LogConfig: Setting CVar [[s.PriorityAsyncLoadingExtraTime:15.0]]
[2023.09.18-11.03.36:222][  0]LogConfig: Setting CVar [[s.LevelStreamingActorsUpdateTimeLimit:5.0]]
[2023.09.18-11.03.36:222][  0]LogConfig: Setting CVar [[s.PriorityLevelStreamingActorsUpdateExtraTime:5.0]]
[2023.09.18-11.03.36:222][  0]LogConfig: Setting CVar [[s.LevelStreamingComponentsRegistrationGranularity:10]]
[2023.09.18-11.03.36:222][  0]LogConfig: Setting CVar [[s.UnregisterComponentsTimeLimit:1.0]]
[2023.09.18-11.03.36:222][  0]LogConfig: Setting CVar [[s.LevelStreamingComponentsUnregistrationGranularity:5]]
[2023.09.18-11.03.36:222][  0]LogConfig: Setting CVar [[s.FlushStreamingOnExit:1]]
[2023.09.18-11.03.36:222][  0]LogConfig: Applying CVar settings from Section [/Script/Engine.GarbageCollectionSettings] File [C:/Users/arthu/Projetos/Unreal Projects/NOLBp/N-one_Left_Behind/Saved/Config/Windows/Engine.ini]
[2023.09.18-11.03.36:222][  0]LogConfig: Setting CVar [[gc.MaxObjectsNotConsideredByGC:1]]
[2023.09.18-11.03.36:222][  0]LogConfig: Setting CVar [[gc.SizeOfPermanentObjectPool:0]]
[2023.09.18-11.03.36:222][  0]LogConfig: Setting CVar [[gc.FlushStreamingOnGC:0]]
[2023.09.18-11.03.36:222][  0]LogConfig: Setting CVar [[gc.NumRetriesBeforeForcingGC:10]]
[2023.09.18-11.03.36:222][  0]LogConfig: Setting CVar [[gc.AllowParallelGC:1]]
[2023.09.18-11.03.36:222][  0]LogConfig: Setting CVar [[gc.TimeBetweenPurgingPendingKillObjects:61.1]]
[2023.09.18-11.03.36:222][  0]LogConfig: Setting CVar [[gc.MaxObjectsInEditor:25165824]]
[2023.09.18-11.03.36:222][  0]LogConfig: Setting CVar [[gc.IncrementalBeginDestroyEnabled:1]]
[2023.09.18-11.03.36:222][  0]LogConfig: Setting CVar [[gc.CreateGCClusters:1]]
[2023.09.18-11.03.36:222][  0]LogConfig: Setting CVar [[gc.MinGCClusterSize:5]]
[2023.09.18-11.03.36:222][  0]LogConfig: Setting CVar [[gc.ActorClusteringEnabled:0]]
[2023.09.18-11.03.36:222][  0]LogConfig: Setting CVar [[gc.BlueprintClusteringEnabled:0]]
[2023.09.18-11.03.36:222][  0]LogConfig: Setting CVar [[gc.UseDisregardForGCOnDedicatedServers:0]]
[2023.09.18-11.03.36:222][  0]LogConfig: Setting CVar [[gc.MultithreadedDestructionEnabled:1]]
[2023.09.18-11.03.36:222][  0]LogConfig: Applying CVar settings from Section [/Script/Engine.NetworkSettings] File [C:/Users/arthu/Projetos/Unreal Projects/NOLBp/N-one_Left_Behind/Saved/Config/Windows/Engine.ini]
[2023.09.18-11.03.36:222][  0]LogConfig: Applying CVar settings from Section [/Script/UnrealEd.CookerSettings] File [C:/Users/arthu/Projetos/Unreal Projects/NOLBp/N-one_Left_Behind/Saved/Config/Windows/Engine.ini]
[2023.09.18-11.03.36:228][  0]LogConfig: Applying CVar settings from Section [ViewDistanceQuality@3] File [C:/Users/arthu/Projetos/Unreal Projects/NOLBp/N-one_Left_Behind/Saved/Config/Windows/Scalability.ini]
[2023.09.18-11.03.36:228][  0]LogConfig: Setting CVar [[r.SkeletalMeshLODBias:0]]
[2023.09.18-11.03.36:228][  0]LogConfig: Setting CVar [[r.ViewDistanceScale:1.0]]
[2023.09.18-11.03.36:228][  0]LogConfig: Applying CVar settings from Section [AntiAliasingQuality@3] File [C:/Users/arthu/Projetos/Unreal Projects/NOLBp/N-one_Left_Behind/Saved/Config/Windows/Scalability.ini]
[2023.09.18-11.03.36:228][  0]LogConfig: Setting CVar [[r.PostProcessAAQuality:4]]
[2023.09.18-11.03.36:228][  0]LogConfig: Applying CVar settings from Section [ShadowQuality@3] File [C:/Users/arthu/Projetos/Unreal Projects/NOLBp/N-one_Left_Behind/Saved/Config/Windows/Scalability.ini]
[2023.09.18-11.03.36:228][  0]LogConfig: Setting CVar [[r.LightFunctionQuality:1]]
[2023.09.18-11.03.36:228][  0]LogConfig: Setting CVar [[r.ShadowQuality:5]]
[2023.09.18-11.03.36:228][  0]LogConfig: Setting CVar [[r.Shadow.CSM.MaxCascades:10]]
[2023.09.18-11.03.36:228][  0]LogConfig: Setting CVar [[r.Shadow.MaxResolution:2048]]
[2023.09.18-11.03.36:228][  0]LogConfig: Setting CVar [[r.Shadow.MaxCSMResolution:2048]]
[2023.09.18-11.03.36:228][  0]LogConfig: Setting CVar [[r.Shadow.RadiusThreshold:0.01]]
[2023.09.18-11.03.36:228][  0]LogConfig: Setting CVar [[r.Shadow.DistanceScale:1.0]]
[2023.09.18-11.03.36:228][  0]LogConfig: Setting CVar [[r.Shadow.CSM.TransitionScale:1.0]]
[2023.09.18-11.03.36:228][  0]LogConfig: Setting CVar [[r.Shadow.PreShadowResolutionFactor:1.0]]
[2023.09.18-11.03.36:228][  0]LogConfig: Setting CVar [[r.DistanceFieldShadowing:1]]
[2023.09.18-11.03.36:228][  0]LogConfig: Setting CVar [[r.DistanceFieldAO:1]]
[2023.09.18-11.03.36:228][  0]LogConfig: Setting CVar [[r.AOQuality:2]]
[2023.09.18-11.03.36:228][  0]LogConfig: Setting CVar [[r.VolumetricFog:1]]
[2023.09.18-11.03.36:228][  0]LogConfig: Setting CVar [[r.VolumetricFog.GridPixelSize:8]]
[2023.09.18-11.03.36:228][  0]LogConfig: Setting CVar [[r.VolumetricFog.GridSizeZ:128]]
[2023.09.18-11.03.36:228][  0]LogConfig: Setting CVar [[r.VolumetricFog.HistoryMissSupersampleCount:4]]
[2023.09.18-11.03.36:228][  0]LogConfig: Setting CVar [[r.LightMaxDrawDistanceScale:1]]
[2023.09.18-11.03.36:228][  0]LogConfig: Setting CVar [[r.CapsuleShadows:1]]
[2023.09.18-11.03.36:228][  0]LogConfig: Applying CVar settings from Section [PostProcessQuality@3] File [C:/Users/arthu/Projetos/Unreal Projects/NOLBp/N-one_Left_Behind/Saved/Config/Windows/Scalability.ini]
[2023.09.18-11.03.36:228][  0]LogConfig: Setting CVar [[r.MotionBlurQuality:4]]
[2023.09.18-11.03.36:229][  0]LogConfig: Setting CVar [[r.AmbientOcclusionMipLevelFactor:0.4]]
[2023.09.18-11.03.36:229][  0]LogConfig: Setting CVar [[r.AmbientOcclusionMaxQuality:100]]
[2023.09.18-11.03.36:229][  0]LogConfig: Setting CVar [[r.AmbientOcclusionLevels:-1]]
[2023.09.18-11.03.36:229][  0]LogConfig: Setting CVar [[r.AmbientOcclusionRadiusScale:1.0]]
[2023.09.18-11.03.36:229][  0]LogConfig: Setting CVar [[r.DepthOfFieldQuality:2]]
[2023.09.18-11.03.36:229][  0]LogConfig: Setting CVar [[r.RenderTargetPoolMin:400]]
[2023.09.18-11.03.36:229][  0]LogConfig: Setting CVar [[r.LensFlareQuality:2]]
[2023.09.18-11.03.36:229][  0]LogConfig: Setting CVar [[r.SceneColorFringeQuality:1]]
[2023.09.18-11.03.36:229][  0]LogConfig: Setting CVar [[r.EyeAdaptationQuality:2]]
[2023.09.18-11.03.36:229][  0]LogConfig: Setting CVar [[r.BloomQuality:5]]
[2023.09.18-11.03.36:229][  0]LogConfig: Setting CVar [[r.FastBlurThreshold:100]]
[2023.09.18-11.03.36:230][  0]LogConfig: Setting CVar [[r.Upscale.Quality:3]]
[2023.09.18-11.03.36:230][  0]LogConfig: Setting CVar [[r.Tonemapper.GrainQuantization:1]]
[2023.09.18-11.03.36:230][  0]LogConfig: Setting CVar [[r.LightShaftQuality:1]]
[2023.09.18-11.03.36:230][  0]LogConfig: Setting CVar [[r.Filter.SizeScale:1]]
[2023.09.18-11.03.36:230][  0]LogConfig: Setting CVar [[r.Tonemapper.Quality:5]]
[2023.09.18-11.03.36:230][  0]LogConfig: Setting CVar [[r.DOF.Gather.AccumulatorQuality:1        ; higher gathering accumulator quality]]
[2023.09.18-11.03.36:230][  0]LogConfig: Setting CVar [[r.DOF.Gather.PostfilterMethod:1          ; Median3x3 postfilering method]]
[2023.09.18-11.03.36:230][  0]LogConfig: Setting CVar [[r.DOF.Gather.EnableBokehSettings:0       ; no bokeh simulation when gathering]]
[2023.09.18-11.03.36:230][  0]LogConfig: Setting CVar [[r.DOF.Gather.RingCount:4                 ; medium number of samples when gathering]]
[2023.09.18-11.03.36:230][  0]LogConfig: Setting CVar [[r.DOF.Scatter.ForegroundCompositing:1    ; additive foreground scattering]]
[2023.09.18-11.03.36:230][  0]LogConfig: Setting CVar [[r.DOF.Scatter.BackgroundCompositing:2    ; additive background scattering]]
[2023.09.18-11.03.36:230][  0]LogConfig: Setting CVar [[r.DOF.Scatter.EnableBokehSettings:1      ; bokeh simulation when scattering]]
[2023.09.18-11.03.36:230][  0]LogConfig: Setting CVar [[r.DOF.Scatter.MaxSpriteRatio:0.1         ; only a maximum of 10% of scattered bokeh]]
[2023.09.18-11.03.36:230][  0]LogConfig: Setting CVar [[r.DOF.Recombine.Quality:1                ; cheap slight out of focus]]
[2023.09.18-11.03.36:230][  0]LogConfig: Setting CVar [[r.DOF.Recombine.EnableBokehSettings:0    ; no bokeh simulation on slight out of focus]]
[2023.09.18-11.03.36:230][  0]LogConfig: Setting CVar [[r.DOF.TemporalAAQuality:1                ; more stable temporal accumulation]]
[2023.09.18-11.03.36:230][  0]LogConfig: Setting CVar [[r.DOF.Kernel.MaxForegroundRadius:0.025]]
[2023.09.18-11.03.36:230][  0]LogConfig: Setting CVar [[r.DOF.Kernel.MaxBackgroundRadius:0.025]]
[2023.09.18-11.03.36:230][  0]LogConfig: Applying CVar settings from Section [TextureQuality@3] File [C:/Users/arthu/Projetos/Unreal Projects/NOLBp/N-one_Left_Behind/Saved/Config/Windows/Scalability.ini]
[2023.09.18-11.03.36:230][  0]LogConfig: Setting CVar [[r.Streaming.MipBias:0]]
[2023.09.18-11.03.36:230][  0]LogConfig: Setting CVar [[r.Streaming.AmortizeCPUToGPUCopy:0]]
[2023.09.18-11.03.36:230][  0]LogConfig: Setting CVar [[r.Streaming.MaxNumTexturesToStreamPerFrame:0]]
[2023.09.18-11.03.36:230][  0]LogConfig: Setting CVar [[r.Streaming.Boost:1]]
[2023.09.18-11.03.36:230][  0]LogConfig: Setting CVar [[r.MaxAnisotropy:8]]
[2023.09.18-11.03.36:230][  0]LogConfig: Setting CVar [[r.VT.MaxAnisotropy:8]]
[2023.09.18-11.03.36:230][  0]LogConfig: Setting CVar [[r.Streaming.LimitPoolSizeToVRAM:0]]
[2023.09.18-11.03.36:230][  0]LogConfig: Setting CVar [[r.Streaming.PoolSize:1000]]
[2023.09.18-11.03.36:230][  0]LogConfig: Setting CVar [[r.Streaming.MaxEffectiveScreenSize:0]]
[2023.09.18-11.03.36:230][  0]LogConfig: Applying CVar settings from Section [EffectsQuality@3] File [C:/Users/arthu/Projetos/Unreal Projects/NOLBp/N-one_Left_Behind/Saved/Config/Windows/Scalability.ini]
[2023.09.18-11.03.36:230][  0]LogConfig: Setting CVar [[r.TranslucencyLightingVolumeDim:64]]
[2023.09.18-11.03.36:230][  0]LogConfig: Setting CVar [[r.RefractionQuality:2]]
[2023.09.18-11.03.36:230][  0]LogConfig: Setting CVar [[r.SSR.Quality:3]]
[2023.09.18-11.03.36:230][  0]LogConfig: Setting CVar [[r.SSR.HalfResSceneColor:0]]
[2023.09.18-11.03.36:230][  0]LogConfig: Setting CVar [[r.SceneColorFormat:4]]
[2023.09.18-11.03.36:230][  0]LogConfig: Setting CVar [[r.DetailMode:2]]
[2023.09.18-11.03.36:230][  0]LogConfig: Setting CVar [[r.TranslucencyVolumeBlur:1]]
[2023.09.18-11.03.36:230][  0]LogConfig: Setting CVar [[r.MaterialQualityLevel:1 ; High quality]]
[2023.09.18-11.03.36:230][  0]LogConfig: Setting CVar [[r.AnisotropicMaterials:1]]
[2023.09.18-11.03.36:230][  0]LogConfig: Setting CVar [[r.SSS.Scale:1]]
[2023.09.18-11.03.36:230][  0]LogConfig: Setting CVar [[r.SSS.SampleSet:2]]
[2023.09.18-11.03.36:230][  0]LogConfig: Setting CVar [[r.SSS.Quality:1]]
[2023.09.18-11.03.36:230][  0]LogConfig: Setting CVar [[r.SSS.HalfRes:0]]
[2023.09.18-11.03.36:230][  0]LogConfig: Setting CVar [[r.SSGI.Quality:3]]
[2023.09.18-11.03.36:230][  0]LogConfig: Setting CVar [[r.EmitterSpawnRateScale:1.0]]
[2023.09.18-11.03.36:230][  0]LogConfig: Setting CVar [[r.ParticleLightQuality:2]]
[2023.09.18-11.03.36:230][  0]LogConfig: Setting CVar [[r.SkyAtmosphere.AerialPerspectiveLUT.FastApplyOnOpaque:1 ; Always have FastSkyLUT 1 in this case to avoid wrong sky]]
[2023.09.18-11.03.36:230][  0]LogConfig: Setting CVar [[r.SkyAtmosphere.AerialPerspectiveLUT.SampleCountMaxPerSlice:4]]
[2023.09.18-11.03.36:230][  0]LogConfig: Setting CVar [[r.SkyAtmosphere.AerialPerspectiveLUT.DepthResolution:16.0]]
[2023.09.18-11.03.36:230][  0]LogConfig: Setting CVar [[r.SkyAtmosphere.FastSkyLUT:1]]
[2023.09.18-11.03.36:230][  0]LogConfig: Setting CVar [[r.SkyAtmosphere.FastSkyLUT.SampleCountMin:4.0]]
[2023.09.18-11.03.36:230][  0]LogConfig: Setting CVar [[r.SkyAtmosphere.FastSkyLUT.SampleCountMax:128.0]]
[2023.09.18-11.03.36:230][  0]LogConfig: Setting CVar [[r.SkyAtmosphere.SampleCountMin:4.0]]
[2023.09.18-11.03.36:230][  0]LogConfig: Setting CVar [[r.SkyAtmosphere.SampleCountMax:128.0]]
[2023.09.18-11.03.36:230][  0]LogConfig: Setting CVar [[r.SkyAtmosphere.TransmittanceLUT.UseSmallFormat:0]]
[2023.09.18-11.03.36:230][  0]LogConfig: Setting CVar [[r.SkyAtmosphere.TransmittanceLUT.SampleCount:10.0]]
[2023.09.18-11.03.36:230][  0]LogConfig: Setting CVar [[r.SkyAtmosphere.MultiScatteringLUT.SampleCount:15.0]]
[2023.09.18-11.03.36:230][  0]LogConfig: Setting CVar [[r.SkyLight.RealTimeReflectionCapture:1]]
[2023.09.18-11.03.36:230][  0]LogConfig: Applying CVar settings from Section [FoliageQuality@3] File [C:/Users/arthu/Projetos/Unreal Projects/NOLBp/N-one_Left_Behind/Saved/Config/Windows/Scalability.ini]
[2023.09.18-11.03.36:230][  0]LogConfig: Setting CVar [[foliage.DensityScale:1.0]]
[2023.09.18-11.03.36:230][  0]LogConfig: Setting CVar [[grass.DensityScale:1.0]]
[2023.09.18-11.03.36:230][  0]LogConfig: Applying CVar settings from Section [ShadingQuality@3] File [C:/Users/arthu/Projetos/Unreal Projects/NOLBp/N-one_Left_Behind/Saved/Config/Windows/Scalability.ini]
[2023.09.18-11.03.36:230][  0]LogConfig: Setting CVar [[r.HairStrands.SkyLighting.IntegrationType:2]]
[2023.09.18-11.03.36:230][  0]LogConfig: Setting CVar [[r.HairStrands.SkyAO.SampleCount:4]]
[2023.09.18-11.03.36:230][  0]LogConfig: Setting CVar [[r.HairStrands.Visibility.MSAA.SamplePerPixel:4]]
[2023.09.18-11.03.36:230][  0]LogInit: Selected Device Profile: [Windows]
[2023.09.18-11.03.36:230][  0]LogInit: Applying CVar settings loaded from the selected device profile: [Windows]
[2023.09.18-11.03.36:230][  0]LogHAL: Display: Platform has ~ 8 GB [8403275776 / 8589934592 / 8], which maps to Default [LargestMinGB=32, LargerMinGB=12, DefaultMinGB=8, SmallerMinGB=6, SmallestMinGB=0)
[2023.09.18-11.03.36:230][  0]LogInit: Going up to parent DeviceProfile []
[2023.09.18-11.03.36:230][  0]LogConfig: Applying CVar settings from Section [ViewDistanceQuality@3] File [C:/Users/arthu/Projetos/Unreal Projects/NOLBp/N-one_Left_Behind/Saved/Config/Windows/Scalability.ini]
[2023.09.18-11.03.36:230][  0]LogConfig: Setting CVar [[r.SkeletalMeshLODBias:0]]
[2023.09.18-11.03.36:230][  0]LogConfig: Setting CVar [[r.ViewDistanceScale:1.0]]
[2023.09.18-11.03.36:231][  0]LogConfig: Applying CVar settings from Section [AntiAliasingQuality@3] File [C:/Users/arthu/Projetos/Unreal Projects/NOLBp/N-one_Left_Behind/Saved/Config/Windows/Scalability.ini]
[2023.09.18-11.03.36:231][  0]LogConfig: Setting CVar [[r.PostProcessAAQuality:4]]
[2023.09.18-11.03.36:231][  0]LogConfig: Applying CVar settings from Section [ShadowQuality@3] File [C:/Users/arthu/Projetos/Unreal Projects/NOLBp/N-one_Left_Behind/Saved/Config/Windows/Scalability.ini]
[2023.09.18-11.03.36:231][  0]LogConfig: Setting CVar [[r.LightFunctionQuality:1]]
[2023.09.18-11.03.36:231][  0]LogConfig: Setting CVar [[r.ShadowQuality:5]]
[2023.09.18-11.03.36:231][  0]LogConfig: Setting CVar [[r.Shadow.CSM.MaxCascades:10]]
[2023.09.18-11.03.36:231][  0]LogConfig: Setting CVar [[r.Shadow.MaxResolution:2048]]
[2023.09.18-11.03.36:231][  0]LogConfig: Setting CVar [[r.Shadow.MaxCSMResolution:2048]]
[2023.09.18-11.03.36:231][  0]LogConfig: Setting CVar [[r.Shadow.RadiusThreshold:0.01]]
[2023.09.18-11.03.36:231][  0]LogConfig: Setting CVar [[r.Shadow.DistanceScale:1.0]]
[2023.09.18-11.03.36:231][  0]LogConfig: Setting CVar [[r.Shadow.CSM.TransitionScale:1.0]]
[2023.09.18-11.03.36:231][  0]LogConfig: Setting CVar [[r.Shadow.PreShadowResolutionFactor:1.0]]
[2023.09.18-11.03.36:231][  0]LogConfig: Setting CVar [[r.DistanceFieldShadowing:1]]
[2023.09.18-11.03.36:231][  0]LogConfig: Setting CVar [[r.DistanceFieldAO:1]]
[2023.09.18-11.03.36:231][  0]LogConfig: Setting CVar [[r.AOQuality:2]]
[2023.09.18-11.03.36:231][  0]LogConfig: Setting CVar [[r.VolumetricFog:1]]
[2023.09.18-11.03.36:231][  0]LogConfig: Setting CVar [[r.VolumetricFog.GridPixelSize:8]]
[2023.09.18-11.03.36:231][  0]LogConfig: Setting CVar [[r.VolumetricFog.GridSizeZ:128]]
[2023.09.18-11.03.36:231][  0]LogConfig: Setting CVar [[r.VolumetricFog.HistoryMissSupersampleCount:4]]
[2023.09.18-11.03.36:231][  0]LogConfig: Setting CVar [[r.LightMaxDrawDistanceScale:1]]
[2023.09.18-11.03.36:231][  0]LogConfig: Setting CVar [[r.CapsuleShadows:1]]
[2023.09.18-11.03.36:231][  0]LogConfig: Applying CVar settings from Section [PostProcessQuality@3] File [C:/Users/arthu/Projetos/Unreal Projects/NOLBp/N-one_Left_Behind/Saved/Config/Windows/Scalability.ini]
[2023.09.18-11.03.36:231][  0]LogConfig: Setting CVar [[r.MotionBlurQuality:4]]
[2023.09.18-11.03.36:231][  0]LogConfig: Setting CVar [[r.AmbientOcclusionMipLevelFactor:0.4]]
[2023.09.18-11.03.36:231][  0]LogConfig: Setting CVar [[r.AmbientOcclusionMaxQuality:100]]
[2023.09.18-11.03.36:231][  0]LogConfig: Setting CVar [[r.AmbientOcclusionLevels:-1]]
[2023.09.18-11.03.36:231][  0]LogConfig: Setting CVar [[r.AmbientOcclusionRadiusScale:1.0]]
[2023.09.18-11.03.36:231][  0]LogConfig: Setting CVar [[r.DepthOfFieldQuality:2]]
[2023.09.18-11.03.36:231][  0]LogConfig: Setting CVar [[r.RenderTargetPoolMin:400]]
[2023.09.18-11.03.36:231][  0]LogConfig: Setting CVar [[r.LensFlareQuality:2]]
[2023.09.18-11.03.36:231][  0]LogConfig: Setting CVar [[r.SceneColorFringeQuality:1]]
[2023.09.18-11.03.36:231][  0]LogConfig: Setting CVar [[r.EyeAdaptationQuality:2]]
[2023.09.18-11.03.36:231][  0]LogConfig: Setting CVar [[r.BloomQuality:5]]
[2023.09.18-11.03.36:231][  0]LogConfig: Setting CVar [[r.FastBlurThreshold:100]]
[2023.09.18-11.03.36:231][  0]LogConfig: Setting CVar [[r.Upscale.Quality:3]]
[2023.09.18-11.03.36:231][  0]LogConfig: Setting CVar [[r.Tonemapper.GrainQuantization:1]]
[2023.09.18-11.03.36:231][  0]LogConfig: Setting CVar [[r.LightShaftQuality:1]]
[2023.09.18-11.03.36:231][  0]LogConfig: Setting CVar [[r.Filter.SizeScale:1]]
[2023.09.18-11.03.36:231][  0]LogConfig: Setting CVar [[r.Tonemapper.Quality:5]]
[2023.09.18-11.03.36:231][  0]LogConfig: Setting CVar [[r.DOF.Gather.AccumulatorQuality:1        ; higher gathering accumulator quality]]
[2023.09.18-11.03.36:231][  0]LogConfig: Setting CVar [[r.DOF.Gather.PostfilterMethod:1          ; Median3x3 postfilering method]]
[2023.09.18-11.03.36:231][  0]LogConfig: Setting CVar [[r.DOF.Gather.EnableBokehSettings:0       ; no bokeh simulation when gathering]]
[2023.09.18-11.03.36:231][  0]LogConfig: Setting CVar [[r.DOF.Gather.RingCount:4                 ; medium number of samples when gathering]]
[2023.09.18-11.03.36:231][  0]LogConfig: Setting CVar [[r.DOF.Scatter.ForegroundCompositing:1    ; additive foreground scattering]]
[2023.09.18-11.03.36:231][  0]LogConfig: Setting CVar [[r.DOF.Scatter.BackgroundCompositing:2    ; additive background scattering]]
[2023.09.18-11.03.36:231][  0]LogConfig: Setting CVar [[r.DOF.Scatter.EnableBokehSettings:1      ; bokeh simulation when scattering]]
[2023.09.18-11.03.36:232][  0]LogConfig: Setting CVar [[r.DOF.Scatter.MaxSpriteRatio:0.1         ; only a maximum of 10% of scattered bokeh]]
[2023.09.18-11.03.36:232][  0]LogConfig: Setting CVar [[r.DOF.Recombine.Quality:1                ; cheap slight out of focus]]
[2023.09.18-11.03.36:232][  0]LogConfig: Setting CVar [[r.DOF.Recombine.EnableBokehSettings:0    ; no bokeh simulation on slight out of focus]]
[2023.09.18-11.03.36:232][  0]LogConfig: Setting CVar [[r.DOF.TemporalAAQuality:1                ; more stable temporal accumulation]]
[2023.09.18-11.03.36:232][  0]LogConfig: Setting CVar [[r.DOF.Kernel.MaxForegroundRadius:0.025]]
[2023.09.18-11.03.36:232][  0]LogConfig: Setting CVar [[r.DOF.Kernel.MaxBackgroundRadius:0.025]]
[2023.09.18-11.03.36:232][  0]LogConfig: Applying CVar settings from Section [TextureQuality@3] File [C:/Users/arthu/Projetos/Unreal Projects/NOLBp/N-one_Left_Behind/Saved/Config/Windows/Scalability.ini]
[2023.09.18-11.03.36:232][  0]LogConfig: Setting CVar [[r.Streaming.MipBias:0]]
[2023.09.18-11.03.36:232][  0]LogConfig: Setting CVar [[r.Streaming.AmortizeCPUToGPUCopy:0]]
[2023.09.18-11.03.36:232][  0]LogConfig: Setting CVar [[r.Streaming.MaxNumTexturesToStreamPerFrame:0]]
[2023.09.18-11.03.36:232][  0]LogConfig: Setting CVar [[r.Streaming.Boost:1]]
[2023.09.18-11.03.36:232][  0]LogConfig: Setting CVar [[r.MaxAnisotropy:8]]
[2023.09.18-11.03.36:232][  0]LogConfig: Setting CVar [[r.VT.MaxAnisotropy:8]]
[2023.09.18-11.03.36:232][  0]LogConfig: Setting CVar [[r.Streaming.LimitPoolSizeToVRAM:0]]
[2023.09.18-11.03.36:232][  0]LogConfig: Setting CVar [[r.Streaming.PoolSize:1000]]
[2023.09.18-11.03.36:232][  0]LogConfig: Setting CVar [[r.Streaming.MaxEffectiveScreenSize:0]]
[2023.09.18-11.03.36:232][  0]LogConfig: Applying CVar settings from Section [EffectsQuality@3] File [C:/Users/arthu/Projetos/Unreal Projects/NOLBp/N-one_Left_Behind/Saved/Config/Windows/Scalability.ini]
[2023.09.18-11.03.36:232][  0]LogConfig: Setting CVar [[r.TranslucencyLightingVolumeDim:64]]
[2023.09.18-11.03.36:232][  0]LogConfig: Setting CVar [[r.RefractionQuality:2]]
[2023.09.18-11.03.36:232][  0]LogConfig: Setting CVar [[r.SSR.Quality:3]]
[2023.09.18-11.03.36:232][  0]LogConfig: Setting CVar [[r.SSR.HalfResSceneColor:0]]
[2023.09.18-11.03.36:232][  0]LogConfig: Setting CVar [[r.SceneColorFormat:4]]
[2023.09.18-11.03.36:232][  0]LogConfig: Setting CVar [[r.DetailMode:2]]
[2023.09.18-11.03.36:232][  0]LogConfig: Setting CVar [[r.TranslucencyVolumeBlur:1]]
[2023.09.18-11.03.36:232][  0]LogConfig: Setting CVar [[r.MaterialQualityLevel:1 ; High quality]]
[2023.09.18-11.03.36:232][  0]LogConfig: Setting CVar [[r.AnisotropicMaterials:1]]
[2023.09.18-11.03.36:232][  0]LogConfig: Setting CVar [[r.SSS.Scale:1]]
[2023.09.18-11.03.36:232][  0]LogConfig: Setting CVar [[r.SSS.SampleSet:2]]
[2023.09.18-11.03.36:232][  0]LogConfig: Setting CVar [[r.SSS.Quality:1]]
[2023.09.18-11.03.36:232][  0]LogConfig: Setting CVar [[r.SSS.HalfRes:0]]
[2023.09.18-11.03.36:232][  0]LogConfig: Setting CVar [[r.SSGI.Quality:3]]
[2023.09.18-11.03.36:232][  0]LogConfig: Setting CVar [[r.EmitterSpawnRateScale:1.0]]
[2023.09.18-11.03.36:232][  0]LogConfig: Setting CVar [[r.ParticleLightQuality:2]]
[2023.09.18-11.03.36:232][  0]LogConfig: Setting CVar [[r.SkyAtmosphere.AerialPerspectiveLUT.FastApplyOnOpaque:1 ; Always have FastSkyLUT 1 in this case to avoid wrong sky]]
[2023.09.18-11.03.36:232][  0]LogConfig: Setting CVar [[r.SkyAtmosphere.AerialPerspectiveLUT.SampleCountMaxPerSlice:4]]
[2023.09.18-11.03.36:232][  0]LogConfig: Setting CVar [[r.SkyAtmosphere.AerialPerspectiveLUT.DepthResolution:16.0]]
[2023.09.18-11.03.36:232][  0]LogConfig: Setting CVar [[r.SkyAtmosphere.FastSkyLUT:1]]
[2023.09.18-11.03.36:232][  0]LogConfig: Setting CVar [[r.SkyAtmosphere.FastSkyLUT.SampleCountMin:4.0]]
[2023.09.18-11.03.36:232][  0]LogConfig: Setting CVar [[r.SkyAtmosphere.FastSkyLUT.SampleCountMax:128.0]]
[2023.09.18-11.03.36:232][  0]LogConfig: Setting CVar [[r.SkyAtmosphere.SampleCountMin:4.0]]
[2023.09.18-11.03.36:232][  0]LogConfig: Setting CVar [[r.SkyAtmosphere.SampleCountMax:128.0]]
[2023.09.18-11.03.36:232][  0]LogConfig: Setting CVar [[r.SkyAtmosphere.TransmittanceLUT.UseSmallFormat:0]]
[2023.09.18-11.03.36:232][  0]LogConfig: Setting CVar [[r.SkyAtmosphere.TransmittanceLUT.SampleCount:10.0]]
[2023.09.18-11.03.36:232][  0]LogConfig: Setting CVar [[r.SkyAtmosphere.MultiScatteringLUT.SampleCount:15.0]]
[2023.09.18-11.03.36:232][  0]LogConfig: Setting CVar [[r.SkyLight.RealTimeReflectionCapture:1]]
[2023.09.18-11.03.36:232][  0]LogConfig: Applying CVar settings from Section [FoliageQuality@3] File [C:/Users/arthu/Projetos/Unreal Projects/NOLBp/N-one_Left_Behind/Saved/Config/Windows/Scalability.ini]
[2023.09.18-11.03.36:232][  0]LogConfig: Setting CVar [[foliage.DensityScale:1.0]]
[2023.09.18-11.03.36:233][  0]LogConfig: Setting CVar [[grass.DensityScale:1.0]]
[2023.09.18-11.03.36:233][  0]LogConfig: Applying CVar settings from Section [ShadingQuality@3] File [C:/Users/arthu/Projetos/Unreal Projects/NOLBp/N-one_Left_Behind/Saved/Config/Windows/Scalability.ini]
[2023.09.18-11.03.36:233][  0]LogConfig: Setting CVar [[r.HairStrands.SkyLighting.IntegrationType:2]]
[2023.09.18-11.03.36:233][  0]LogConfig: Setting CVar [[r.HairStrands.SkyAO.SampleCount:4]]
[2023.09.18-11.03.36:233][  0]LogConfig: Setting CVar [[r.HairStrands.Visibility.MSAA.SamplePerPixel:4]]
[2023.09.18-11.03.36:233][  0]LogConfig: Applying CVar settings from Section [Startup] File [../../../Engine/Config/ConsoleVariables.ini]
[2023.09.18-11.03.36:234][  0]LogConfig: Setting CVar [[net.UseAdaptiveNetUpdateFrequency:0]]
[2023.09.18-11.03.36:234][  0]LogConfig: Setting CVar [[p.chaos.AllowCreatePhysxBodies:1]]
[2023.09.18-11.03.36:235][  0]LogConfig: Setting CVar [[fx.SkipVectorVMBackendOptimizations:1]]
[2023.09.18-11.03.36:235][  0]LogConfig: Applying CVar settings from Section [ConsoleVariables] File [C:/Users/arthu/Projetos/Unreal Projects/NOLBp/N-one_Left_Behind/Saved/Config/Windows/Engine.ini]
[2023.09.18-11.03.36:235][  0]LogConfig: Applying CVar settings from Section [ConsoleVariables] File [C:/Users/arthu/Projetos/Unreal Projects/NOLBp/N-one_Left_Behind/Saved/Config/Windows/Editor.ini]
[2023.09.18-11.03.36:235][  0]LogInit: Computer: LAPTOP-B4K1CP5L
[2023.09.18-11.03.36:235][  0]LogInit: User: arthu
[2023.09.18-11.03.36:235][  0]LogInit: CPU Page size=4096, Cores=4
[2023.09.18-11.03.36:235][  0]LogInit: High frequency timer resolution =10.000000 MHz
[2023.09.18-11.03.36:235][  0]LogMemory: Memory total: Physical=7.8GB (8GB approx)
[2023.09.18-11.03.36:235][  0]LogMemory: Platform Memory Stats for Windows
[2023.09.18-11.03.36:235][  0]LogMemory: Process Physical Memory: 140.11 MB used, 140.12 MB peak
[2023.09.18-11.03.36:235][  0]LogMemory: Process Virtual Memory: 124.34 MB used, 124.34 MB peak
[2023.09.18-11.03.36:235][  0]LogMemory: Physical Memory: 4645.22 MB used,  3368.77 MB free, 8013.99 MB total
[2023.09.18-11.03.36:235][  0]LogMemory: Virtual Memory: 134205048.00 MB used,  12682.27 MB free, 134217728.00 MB total
[2023.09.18-11.03.36:244][  0]LogWindows: WindowsPlatformFeatures enabled
[2023.09.18-11.03.36:292][  0]LogInit: Physics initialised using underlying interface: PhysX
[2023.09.18-11.03.36:296][  0]LogInit: Overriding language with editor language configuration option (en).
[2023.09.18-11.03.36:296][  0]LogInit: Overriding language with editor locale configuration option (en).
[2023.09.18-11.03.37:030][  0]LogInit: Setting process to per monitor DPI aware
[2023.09.18-11.03.37:050][  0]LogWindowsTextInputMethodSystem: Display: IME system deactivated.
[2023.09.18-11.03.37:069][  0]LogSlate: New Slate User Created.  User Index 0, Is Virtual User: 0
[2023.09.18-11.03.37:069][  0]LogSlate: Slate User Registered.  User Index 0, Is Virtual User: 0
[2023.09.18-11.03.37:660][  0]LogD3D11RHI: Loaded GFSDK_Aftermath_Lib.x64.dll
[2023.09.18-11.03.37:666][  0]LogHMD: Failed to initialize OpenVR with code 110
[2023.09.18-11.03.37:666][  0]LogD3D11RHI: D3D11 min allowed feature level: 11_0
[2023.09.18-11.03.37:666][  0]LogD3D11RHI: D3D11 max allowed feature level: 11_0
[2023.09.18-11.03.37:667][  0]LogD3D11RHI: D3D11 adapters:
[2023.09.18-11.03.37:912][  0]LogD3D11RHI:    0. 'Intel(R) UHD Graphics' (Feature Level 11_0)
[2023.09.18-11.03.37:912][  0]LogD3D11RHI:       128/0/4006 MB DedicatedVideo/DedicatedSystem/SharedSystem, Outputs:1, VendorId:0x8086
[2023.09.18-11.03.37:925][  0]LogD3D11RHI:    1. 'Microsoft Basic Render Driver' (Feature Level 11_0)
[2023.09.18-11.03.37:925][  0]LogD3D11RHI:       0/0/4006 MB DedicatedVideo/DedicatedSystem/SharedSystem, Outputs:0, VendorId:0x1414
[2023.09.18-11.03.37:925][  0]LogD3D11RHI: Chosen D3D11 Adapter:
[2023.09.18-11.03.37:925][  0]LogD3D11RHI:     Description : Intel(R) UHD Graphics
[2023.09.18-11.03.37:925][  0]LogD3D11RHI:     VendorId    : 8086
[2023.09.18-11.03.37:925][  0]LogD3D11RHI:     DeviceId    : 9b41
[2023.09.18-11.03.37:925][  0]LogD3D11RHI:     SubSysId    : 13451025
[2023.09.18-11.03.37:925][  0]LogD3D11RHI:     Revision    : 0002
[2023.09.18-11.03.37:925][  0]LogD3D11RHI:     DedicatedVideoMemory : 134217728 bytes
[2023.09.18-11.03.37:925][  0]LogD3D11RHI:     DedicatedSystemMemory : 0 bytes
[2023.09.18-11.03.37:925][  0]LogD3D11RHI:     SharedSystemMemory : 4201637888 bytes
[2023.09.18-11.03.37:925][  0]LogD3D11RHI:     AdapterLuid : 0 64706
[2023.09.18-11.03.37:934][  0]LogD3D11RHI: Creating new Direct3DDevice
[2023.09.18-11.03.37:934][  0]LogD3D11RHI:     GPU DeviceId: 0x9b41 (for the marketing name, search the web for "GPU Device Id")
[2023.09.18-11.03.37:934][  0]LogWindows: EnumDisplayDevices:
[2023.09.18-11.03.37:934][  0]LogWindows:    0. 'Intel(R) UHD Graphics' (P:1 D:1)
[2023.09.18-11.03.37:935][  0]LogWindows:    1. 'Intel(R) UHD Graphics' (P:0 D:0)
[2023.09.18-11.03.37:935][  0]LogWindows:    2. 'Intel(R) UHD Graphics' (P:0 D:0)
[2023.09.18-11.03.37:935][  0]LogWindows: DebugString: FoundDriverCount:3 
[2023.09.18-11.03.37:936][  0]LogD3D11RHI:     Adapter Name: Intel(R) UHD Graphics
[2023.09.18-11.03.37:936][  0]LogD3D11RHI:   Driver Version: 31.0.101.2125 (internal:31.0.101.2125, unified:31.0.101.2125)
[2023.09.18-11.03.37:936][  0]LogD3D11RHI:      Driver Date: 5-24-2023
[2023.09.18-11.03.37:936][  0]LogRHI: Texture pool is 1492 MB (70% of 2131 MB)
[2023.09.18-11.03.37:951][  0]LogD3D11RHI: Creating D3DDevice using adapter:
[2023.09.18-11.03.37:951][  0]LogD3D11RHI:     Description : Intel(R) UHD Graphics
[2023.09.18-11.03.37:951][  0]LogD3D11RHI:     VendorId    : 8086
[2023.09.18-11.03.37:951][  0]LogD3D11RHI:     DeviceId    : 9b41
[2023.09.18-11.03.37:951][  0]LogD3D11RHI:     SubSysId    : 13451025
[2023.09.18-11.03.37:951][  0]LogD3D11RHI:     Revision    : 0002
[2023.09.18-11.03.37:951][  0]LogD3D11RHI:     DedicatedVideoMemory : 134217728 bytes
[2023.09.18-11.03.37:951][  0]LogD3D11RHI:     DedicatedSystemMemory : 0 bytes
[2023.09.18-11.03.37:951][  0]LogD3D11RHI:     SharedSystemMemory : 4201637888 bytes
[2023.09.18-11.03.37:951][  0]LogD3D11RHI:     AdapterLuid : 0 64706
[2023.09.18-11.03.38:126][  0]LogD3D11RHI: RHI does not have support for 64 bit atomics
[2023.09.18-11.03.38:157][  0]LogD3D11RHI: Intel Extensions support version Full=16777216, Major=1, Minor=0, Revision=0
[2023.09.18-11.03.38:157][  0]LogD3D11RHI: Intel Extensions support version Full=16777217, Major=1, Minor=0, Revision=1
[2023.09.18-11.03.38:157][  0]LogD3D11RHI: Intel Extensions Framework enabled
[2023.09.18-11.03.38:159][  0]LogD3D11RHI: [IntelMetricsDiscovery] Started
[2023.09.18-11.03.38:159][  0]LogD3D11RHI: Async texture creation enabled
[2023.09.18-11.03.38:160][  0]LogD3D11RHI: Array index from any shader is supported
[2023.09.18-11.03.38:176][  0]LogD3D11RHI: GPU Timing Frequency: 12.000048 (Debug: 2 0)
[2023.09.18-11.03.38:688][  0]LogTargetPlatformManager: Display: Loaded TargetPlatform 'AllDesktop'
[2023.09.18-11.03.38:729][  0]LogTargetPlatformManager: Display: Loaded TargetPlatform 'Android'
[2023.09.18-11.03.38:729][  0]LogTargetPlatformManager: Display: Loaded TargetPlatform 'Android_ASTC'
[2023.09.18-11.03.38:729][  0]LogTargetPlatformManager: Display: Loaded TargetPlatform 'Android_DXT'
[2023.09.18-11.03.38:729][  0]LogTargetPlatformManager: Display: Loaded TargetPlatform 'Android_ETC2'
[2023.09.18-11.03.38:729][  0]LogTargetPlatformManager: Display: Loaded TargetPlatform 'AndroidClient'
[2023.09.18-11.03.38:729][  0]LogTargetPlatformManager: Display: Loaded TargetPlatform 'Android_ASTCClient'
[2023.09.18-11.03.38:729][  0]LogTargetPlatformManager: Display: Loaded TargetPlatform 'Android_DXTClient'
[2023.09.18-11.03.38:729][  0]LogTargetPlatformManager: Display: Loaded TargetPlatform 'Android_ETC2Client'
[2023.09.18-11.03.38:729][  0]LogTargetPlatformManager: Display: Loaded TargetPlatform 'Android_Multi'
[2023.09.18-11.03.38:729][  0]LogTargetPlatformManager: Display: Loaded TargetPlatform 'Android_MultiClient'
[2023.09.18-11.03.38:774][  0]LogTargetPlatformManager: Display: Loaded TargetPlatform 'IOSClient'
[2023.09.18-11.03.38:775][  0]LogTargetPlatformManager: Display: Loaded TargetPlatform 'IOS'
[2023.09.18-11.03.38:800][  0]LogTargetPlatformManager: Display: Loaded TargetPlatform 'Linux'
[2023.09.18-11.03.38:810][  0]LogTargetPlatformManager: Display: Loaded TargetPlatform 'LinuxNoEditor'
[2023.09.18-11.03.38:820][  0]LogTargetPlatformManager: Display: Loaded TargetPlatform 'LinuxClient'
[2023.09.18-11.03.38:831][  0]LogTargetPlatformManager: Display: Loaded TargetPlatform 'LinuxServer'
[2023.09.18-11.03.38:857][  0]LogTargetPlatformManager: Display: Loaded TargetPlatform 'LinuxAArch64NoEditor'
[2023.09.18-11.03.38:870][  0]LogTargetPlatformManager: Display: Loaded TargetPlatform 'LinuxAArch64Client'
[2023.09.18-11.03.38:881][  0]LogTargetPlatformManager: Display: Loaded TargetPlatform 'LinuxAArch64Server'
[2023.09.18-11.03.38:949][  0]LogTargetPlatformManager: Display: Loaded TargetPlatform 'Lumin'
[2023.09.18-11.03.38:949][  0]LogTargetPlatformManager: Display: Loaded TargetPlatform 'LuminClient'
[2023.09.18-11.03.38:972][  0]LogTargetPlatformManager: Display: Loaded TargetPlatform 'MacNoEditor'
[2023.09.18-11.03.38:984][  0]LogTargetPlatformManager: Display: Loaded TargetPlatform 'Mac'
[2023.09.18-11.03.38:996][  0]LogTargetPlatformManager: Display: Loaded TargetPlatform 'MacClient'
[2023.09.18-11.03.39:007][  0]LogTargetPlatformManager: Display: Loaded TargetPlatform 'MacServer'
[2023.09.18-11.03.39:036][  0]LogTargetPlatformManager: Display: Loaded TargetPlatform 'TVOSClient'
[2023.09.18-11.03.39:036][  0]LogTargetPlatformManager: Display: Loaded TargetPlatform 'TVOS'
[2023.09.18-11.03.39:060][  0]LogTargetPlatformManager: Display: Loaded TargetPlatform 'WindowsNoEditor'
[2023.09.18-11.03.39:072][  0]LogTargetPlatformManager: Display: Loaded TargetPlatform 'Windows'
[2023.09.18-11.03.39:083][  0]LogTargetPlatformManager: Display: Loaded TargetPlatform 'WindowsClient'
[2023.09.18-11.03.39:094][  0]LogTargetPlatformManager: Display: Loaded TargetPlatform 'WindowsServer'
[2023.09.18-11.03.39:094][  0]LogTargetPlatformManager: Display: Building Assets For Windows
[2023.09.18-11.03.39:115][  0]LogAudioDebug: Display: Lib vorbis DLL was dynamically loaded.
[2023.09.18-11.03.39:201][  0]LogTextureFormatOodle: Display: Oodle Texture 2.9.0 init RDO Off
[2023.09.18-11.03.39:301][  0]LogRendererCore: Ray tracing is disabled. Reason: r.RayTracing=0.
[2023.09.18-11.03.39:301][  0]LogShaderCompilers: Guid format shader working directory is -32 characters bigger than the processId version (../../../../../../Users/arthu/Projetos/Unreal Projects/NOLBp/N-one_Left_Behind/Intermediate/Shaders/WorkingDirectory/2304/).
[2023.09.18-11.03.39:301][  0]LogShaderCompilers: Cleaned the shader compiler working directory 'C:/Users/arthu/AppData/Local/Temp/UnrealShaderWorkingDir/348BE81A4A4786DAF13DD68278D9A554/'.
[2023.09.18-11.03.39:301][  0]LogXGEController: Cannot use XGE Controller as Incredibuild is not installed on this machine.
[2023.09.18-11.03.39:301][  0]LogShaderCompilers: Cannot use XGE Shader Compiler as Incredibuild is not installed on this machine.
[2023.09.18-11.03.39:301][  0]LogShaderCompilers: Display: Using Local Shader Compiler.
[2023.09.18-11.03.40:827][  0]LogDerivedDataCache: Display: Max Cache Size: 512 MB
[2023.09.18-11.03.40:962][  0]LogDerivedDataCache: Loaded boot cache 0.13s 94MB C:/Users/arthu/AppData/Local/UnrealEngine/4.27/DerivedDataCache/Boot.ddc.
[2023.09.18-11.03.40:962][  0]LogDerivedDataCache: Display: Loaded Boot cache: C:/Users/arthu/AppData/Local/UnrealEngine/4.27/DerivedDataCache/Boot.ddc
[2023.09.18-11.03.40:962][  0]LogDerivedDataCache: FDerivedDataBackendGraph:  Pak pak cache file ../../../../../../Users/arthu/Projetos/Unreal Projects/NOLBp/N-one_Left_Behind/DerivedDataCache/DDC.ddp not found, will not use a pak cache.
[2023.09.18-11.03.40:962][  0]LogDerivedDataCache: Unable to find inner node Pak for hierarchical cache Hierarchy.
[2023.09.18-11.03.40:963][  0]LogDerivedDataCache: FDerivedDataBackendGraph:  CompressedPak pak cache file ../../../../../../Users/arthu/Projetos/Unreal Projects/NOLBp/N-one_Left_Behind/DerivedDataCache/Compressed.ddp not found, will not use a pak cache.
[2023.09.18-11.03.40:963][  0]LogDerivedDataCache: Unable to find inner node CompressedPak for hierarchical cache Hierarchy.
[2023.09.18-11.03.40:999][  0]LogDerivedDataCache: Display: Pak cache opened for reading ../../../Engine/DerivedDataCache/Compressed.ddp.
[2023.09.18-11.03.40:999][  0]LogDerivedDataCache: FDerivedDataBackendGraph:  EnterprisePak pak cache file ../../../Enterprise/DerivedDataCache/Compressed.ddp not found, will not use a pak cache.
[2023.09.18-11.03.40:999][  0]LogDerivedDataCache: Unable to find inner node EnterprisePak for hierarchical cache Hierarchy.
[2023.09.18-11.03.41:027][  0]LogDerivedDataCache: Speed tests for C:/Users/arthu/AppData/Local/UnrealEngine/Common/DerivedDataCache took 0.03 seconds
[2023.09.18-11.03.41:027][  0]LogDerivedDataCache: Display: Performance to C:/Users/arthu/AppData/Local/UnrealEngine/Common/DerivedDataCache: Latency=0.10ms. RandomReadSpeed=89.85MBs, RandomWriteSpeed=57.61MBs. Assigned SpeedClass 'Local'
[2023.09.18-11.03.41:028][  0]LogDerivedDataCache: Using Local data cache path C:/Users/arthu/AppData/Local/UnrealEngine/Common/DerivedDataCache: Writable
[2023.09.18-11.03.41:028][  0]LogDerivedDataCache: Shared data cache path not found in *engine.ini, will not use an Shared cache.
[2023.09.18-11.03.41:028][  0]LogDerivedDataCache: Unable to find inner node Shared for hierarchical cache Hierarchy.
[2023.09.18-11.03.41:141][  0]LogSlate: Using FreeType 2.10.0
[2023.09.18-11.03.41:141][  0]LogSlate: SlateFontServices - WITH_FREETYPE: 1, WITH_HARFBUZZ: 1
[2023.09.18-11.03.41:171][  0]LogAssetRegistry: FAssetRegistry took 0.0026 seconds to start up
[2023.09.18-11.03.41:436][  0]LogInit: Selected Device Profile: [Windows]
[2023.09.18-11.03.41:436][  0]LogInit: Active device profile: [000001B9EC226B00][000001B9EAB82D40 49] Windows
[2023.09.18-11.03.41:437][  0]LogInit: Profiles: [000001B9EC226B00][000001B9EAB82D40 49] Windows, [000001B9EC1CA300][000001B9EAB8AEC0 49] WindowsNoEditor, [000001B9EC225E00][000001B9EBE9B040 49] WindowsServer, [000001B9EC1CAF00][000001B9EBE9F1C0 49] WindowsClient, [000001B9EC226800][000001B9EBEA3340 49] IOS, [000001B9EC1CA500][000001B9EBEA74C0 49] iPadAir, [000001B9EC224700][000001B9EBEAB640 49] iPadAir2, [000001B9EC16DA00][000001B9EBEB3900 49] IPadPro, [000001B9EC16DB00][000001B9EBEAF940 49] iPadAir3, [000001B9EC1CB700][000001B9EBEB7AC0 49] iPadAir4, [000001B9EC16EA00][000001B9EBEBA0C0 49] iPadMini2, [000001B9EC1C8C00][000001B9EBEBE240 49] iPadMini3, [000001B9EC16CB00][000001B9EBEC23C0 49] iPadMini4, [000001B9EC1CB800][000001B9EBEC6540 49] iPadMini5, [000001B9EC18D300][000001B9EBECE800 49] iPhone6, [000001B9EC18D400][000001B9EBECA840 49] iPodTouch6, [000001B9EC225700][000001B9EBED6B00 49] iPhone7, [000001B9EC225500][000001B9EBED2B40 49] iPodTouch7, [000001B9EC16CE00][000001B9EAB86C80 49] iPhone5S, [000001B9EC227F00][000001B9EBEDADC0 49] iPhone6Plus, [000001B9EC16FD00][000001B9EBEDEF00 49] iPhone6S, [000001B9EC225A00][000001B9EBEE7080 49] iPhone6SPlus, [000001B9EC225400][000001B9EBEEB200 49] iPhone7Plus, [000001B9EC18C700][000001B9EBEEF380 49] iPhoneSE, [000001B9EC224E00][000001B9EBEF3500 49] iPhone8, [000001B9EC18CD00][000001B9EBEF7680 49] iPhone8Plus, [000001B9EC18DA00][000001B9EBEFB800 49] iPhoneX, [000001B9EC16F300][000001B9EBEFF980 49] iPhoneXS, [000001B9EC18E300][000001B9EBF03B00 49] iPhoneXSMax, [000001B9EC16E800][000001B9EBF06100 49] iPhoneXR, [000001B9EC18D500][000001B9EBF0A280 49] iPhone11, [000001B9EC16F700][000001B9EBF0E400 49] iPhone11Pro, [000001B9EC18F100][000001B9EBF12580 49] iPhone11ProMax, [000001B9EC16C500][000001B9EBF16700 49] iPhoneSE2, [000001B9EC18EB00][000001B9EBF1A880 49] iPhone12Mini, [000001B9EC16EE00][000001B9EBF1EA00 49] iPhone12, [000001B9EC18F400][000001B9EBF22B80 49] iPhone12Pro, [000001B9EC227B00][000001B9EBF26D00 49] iPhone12ProMax, [000001B9EC18C500][000001B9EBEE2E40 49] iPadPro105, [000001B9EC227300][000001B9EBF2AF80 49] iPadPro129, [000001B9EC18EA00][000001B9EBF2F0C0 49] iPadPro97, [000001B9EC225200][000001B9EBF37240 49] iPadPro2_129, [000001B9EC18F200][000001B9EBF3B3C0 49] iPad5, [000001B9EC224100][000001B9EBF3F540 49] iPad6, [000001B9EC18D600][000001B9EBF436C0 49] iPad7, [000001B9EC225D00][000001B9EBF47840 49] iPad8, [000001B9EC18D900][000001B9EBF4B9C0 49] iPadPro11, [000001B9EC227000][000001B9EBF4FB40 49] iPadPro2_11, [000001B9EC18CA00][000001B9EBF52140 49] iPadPro3_129, [000001B9EC225100][000001B9EBF562C0 49] iPadPro4_129, [000001B9EC18F000][000001B9EBF5A440 49] AppleTV, [000001B9EC224200][000001B9EBF5E5C0 49] AppleTV4K, [000001B9EC18DC00][000001B9EBF62740 49] TVOS, [000001B9EC225800][000001B9EBF668C0 49] Mac, [000001B9EC18C300][000001B9EBF6AA40 49] MacClient, [000001B9EC225000][000001B9EBF6EBC0 49] MacNoEditor, [000001B9EC18DF00][000001B9EBF72D40 49] MacServer, [000001B9EC224B00][000001B9EBF76EC0 49] Linux, [000001B9EC18D000][000001B9EBF33000 49] LinuxAArch64, [000001B9EC227400][000001B9EBF7B140 49] LinuxNoEditor, [000001B9EC18E700][000001B9EBF7F280 49] LinuxAArch64NoEditor, [000001B9EC224D00][000001B9EBF833C0 49] LinuxClient, [000001B9EC18FB00][000001B9EBF8B540 49] LinuxAArch64Client, [000001B9EC225C00][000001B9EBF8F6C0 49] LinuxServer, [000001B9EC18F800][000001B9EBF93840 49] LinuxAArch64Server, [000001B9EC224A00][000001B9EBF979C0 49] Android, [000001B9EC18CE00][000001B9EBF9BB40 49] Android_Low, [000001B9EC224800][000001B9ECFB0140 49] Android_Mid, [000001B9EC18E400][000001B9ECFB42C0 49] Android_High, [000001B9EC227900][000001B9ECFB8440 49] Android_Default, [000001B9EC18F900][000001B9ECFBC5C0 49] Android_Adreno4xx, [000001B9EC226A00][000001B9ECFC0740 49] Android_Adreno5xx_Low, [000001B9EC18E600][000001B9ECFC48C0 49] Android_Adreno5xx, [000001B9EC227600][000001B9ECFC8A40 49] Android_Adreno6xx, [000001B9EC18E000][000001B9ECFCCBC0 49] Android_Adreno6xx_Vulkan, [000001B9EC226D00][000001B9ECFD0D40 49] Android_Mali_T6xx, [000001B9EC18F300][000001B9ECFD4EC0 49] Android_Mali_T7xx, [000001B9EC224500][000001B9ECFD9040 49] Android_Mali_T8xx, [000001B9EC18C600][000001B9EBF87180 49] Android_Mali_G71, [000001B9EC227C00][000001B9ECFDD2C0 49] Android_Mali_G72, [000001B9EC18FC00][000001B9ECFE1400 49] Android_Mali_G72_Vulkan, [000001B9EC16E100][000001B9ECFE5540 49] Android_Mali_G76, [000001B9EC1CA200][000001B9ECFED6C0 49] Android_Mali_G76_Vulkan, [000001B9EC16E300][000001B9ECFF1840 49] Android_Mali_G77, [000001B9EC1C8200][000001B9ECFF59C0 49] Android_Mali_G77_Vulkan, [000001B9EC16D500][000001B9ECFF9B40 49] Android_Mali_G78, [000001B9EC1CA700][000001B9ECFFC140 49] Android_Mali_G78_Vulkan, [000001B9EC16D400][000001B9ED0002C0 49] Android_Mali_G710, [000001B9EC1C8F00][000001B9ED004440 49] Android_Mali_G710_Vulkan, [000001B9EC16D300][000001B9ED0085C0 49] Android_Vulkan_SM5, [000001B9EC1CA800][000001B9ED00C740 49] Android_PowerVR_G6xxx, [000001B9EC16FC00][000001B9ED0108C0 49] Android_PowerVR_GT7xxx, [000001B9EC1C9D00][000001B9ED014A40 49] Android_PowerVR_GE8xxx, [000001B9EC16F800][000001B9ED018BC0 49] Android_PowerVR_GM9xxx, [000001B9EC1C8400][000001B9ED01CD40 49] Android_PowerVR_GM9xxx_Vulkan, [000001B9EC16C600][000001B9ED020EC0 49] Android_TegraK1, [000001B9EC1C8B00][000001B9ED025040 49] Android_Unknown_Vulkan, [000001B9EC16C300][000001B9ED0291C0 49] Lumin, [000001B9EC1C9700][000001B9ED02D340 49] Lumin_Desktop, [000001B9EC16DC00][000001B9ECFE9480 49] HoloLens, 
[2023.09.18-11.03.41:595][  0]LogMeshReduction: Using QuadricMeshReduction for automatic static mesh reduction
[2023.09.18-11.03.41:595][  0]LogMeshReduction: Using SimplygonMeshReduction for automatic skeletal mesh reduction
[2023.09.18-11.03.41:595][  0]LogMeshReduction: Using ProxyLODMeshReduction for automatic mesh merging
[2023.09.18-11.03.41:595][  0]LogMeshReduction: No distributed automatic mesh merging module available
[2023.09.18-11.03.41:595][  0]LogMeshMerging: No distributed automatic mesh merging module available
[2023.09.18-11.03.41:614][  0]LogNetVersion: First_Prototype 1.0.0, NetCL: 17155196, EngineNetVer: 17, GameNetVer: 0 (Checksum: 2943768296)
[2023.09.18-11.03.42:502][  0]LogTexture: Default maximum texture size for cubemaps generated from long-lat sources has been changed from 512 to unlimited. In order to preserve old behaiour for '/Engine/MapTemplates/Sky/DaylightAmbientCubemap.DaylightAmbientCubemap', its maximum texture size has been explicitly set to 512.
[2023.09.18-11.03.42:624][  0]LogHMD: PokeAHoleMaterial loaded successfully
[2023.09.18-11.03.42:635][  0]LogUObjectArray: 17178 objects as part of root set at end of initial load.
[2023.09.18-11.03.42:635][  0]LogUObjectAllocator: 4302048 out of 0 bytes used by permanent object pool.
[2023.09.18-11.03.42:635][  0]LogUObjectArray: CloseDisregardForGC: 0/0 objects in disregard for GC pool
[2023.09.18-11.03.43:728][  0]LogNiagaraDebuggerClient: Niagara Debugger Client Initialized | Session: B84240D544065907A9C913AB2C630395 | Instance: 7BF592AF4D423F27B37CA7A8F4A3C605 (LAPTOP-B4K1CP5L-2304).
[2023.09.18-11.03.43:848][  0]LogPython: Using Python 3.7.7
[2023.09.18-11.03.44:915][  0]LogTcpMessaging: Initializing TcpMessaging bridge
[2023.09.18-11.03.44:923][  0]LogUdpMessaging: Initializing bridge on interface 0.0.0.0:0 to multicast group 230.0.0.1:6666.
[2023.09.18-11.03.45:507][  0]SourceControl: Source control is disabled
[2023.09.18-11.03.45:507][  0]SourceControl: Source control is disabled
[2023.09.18-11.03.45:582][  0]SourceControl: Source control is disabled
[2023.09.18-11.03.45:608][  0]SourceControl: Source control is disabled
[2023.09.18-11.03.45:891][  0]SourceControl: Source control is disabled
[2023.09.18-11.03.45:907][  0]LogUProjectInfo: Found projects:
[2023.09.18-11.03.45:958][  0]LogOpenImageDenoise: OIDN starting up
[2023.09.18-11.03.46:045][  0]LogAndroidPermission: UAndroidPermissionCallbackProxy::GetInstance
[2023.09.18-11.03.46:109][  0]LogAudioCaptureCore: Display: No Audio Capture implementations found. Audio input will be silent.
[2023.09.18-11.03.46:109][  0]LogAudioCaptureCore: Display: No Audio Capture implementations found. Audio input will be silent.
[2023.09.18-11.03.46:449][  0]LogCollectionManager: Loaded 0 collections in 0.003630 seconds
[2023.09.18-11.03.46:509][  0]LogFileCache: Scanning file cache for directory 'C:/Users/arthu/Projetos/Unreal Projects/NOLBp/N-one_Left_Behind/Saved/Collections/' took 0.00s
[2023.09.18-11.03.46:509][  0]LogFileCache: Scanning file cache for directory 'C:/Users/arthu/Projetos/Unreal Projects/NOLBp/N-one_Left_Behind/Content/Developers/arthu/Collections/' took 0.00s
[2023.09.18-11.03.46:509][  0]LogFileCache: Scanning file cache for directory 'C:/Users/arthu/Projetos/Unreal Projects/NOLBp/N-one_Left_Behind/Content/Collections/' took 0.00s
[2023.09.18-11.03.46:509][  0]LogOcInput: OculusInput pre-init called
[2023.09.18-11.03.47:046][  0]LogEngine: Initializing Engine...
[2023.09.18-11.03.47:051][  0]LogHMD: Failed to enumerate extensions. Please check that you have a valid OpenXR runtime installed.
[2023.09.18-11.03.47:052][  0]LogHMD: Failed to initialize OpenVR with code 110
[2023.09.18-11.03.47:052][  0]LogMagicLeap: Warning: VR disabled because ZI is not enabled.  To enable, in the editor, Edit -> Project Settings -> Plugins -> Magic Leap Plugin -> Enable Zero Iteration
[2023.09.18-11.03.47:053][  0]LogStats: UGameplayTagsManager::InitializeManager -  0.000 s
[2023.09.18-11.03.47:247][  0]LogInit: Initializing FReadOnlyCVARCache
[2023.09.18-11.03.47:261][  0]LogAIModule: Creating AISystem for world Untitled
[2023.09.18-11.03.47:288][  0]LogAudio: Display: Initializing Audio Device Manager...
[2023.09.18-11.03.47:291][  0]LogAudio: Display: Loading Default Audio Settings Objects...
[2023.09.18-11.03.47:292][  0]LogAudio: Display: No default SoundConcurrencyObject specified (or failed to load).
[2023.09.18-11.03.47:292][  0]LogAudio: Display: Audio Device Manager Initialized
[2023.09.18-11.03.47:292][  0]LogAudio: Display: Creating Audio Device:                 Id: 1, Scope: Shared, Realtime: True
[2023.09.18-11.03.47:292][  0]LogAudioMixer: Display: Audio Mixer Platform Settings:
[2023.09.18-11.03.47:292][  0]LogAudioMixer: Display: 	Sample Rate:						  48000
[2023.09.18-11.03.47:292][  0]LogAudioMixer: Display: 	Callback Buffer Frame Size Requested: 1024
[2023.09.18-11.03.47:292][  0]LogAudioMixer: Display: 	Callback Buffer Frame Size To Use:	  1024
[2023.09.18-11.03.47:292][  0]LogAudioMixer: Display: 	Number of buffers to queue:			  2
[2023.09.18-11.03.47:292][  0]LogAudioMixer: Display: 	Max Channels (voices):				  32
[2023.09.18-11.03.47:292][  0]LogAudioMixer: Display: 	Number of Async Source Workers:		  0
[2023.09.18-11.03.47:292][  0]LogAudio: Display: AudioDevice MaxSources: 32
[2023.09.18-11.03.47:293][  0]LogAudio: Display: Audio Spatialization Plugin: None (built-in).
[2023.09.18-11.03.47:293][  0]LogAudio: Display: Audio Reverb Plugin: None (built-in).
[2023.09.18-11.03.47:293][  0]LogAudio: Display: Audio Occlusion Plugin: None (built-in).
[2023.09.18-11.03.47:293][  0]LogAudioMixer: Display: Initializing audio mixer.
[2023.09.18-11.03.47:310][  0]LogAudioMixer: Display: 0: FrontLeft
[2023.09.18-11.03.47:310][  0]LogAudioMixer: Display: 1: FrontRight
[2023.09.18-11.03.47:332][  0]LogAudioMixer: Display: Using Audio Device Alto-falantes (Realtek(R) Audio)
[2023.09.18-11.03.47:335][  0]LogAudioMixer: Display: Initializing Sound Submixes...
[2023.09.18-11.03.47:338][  0]LogAudioMixer: Display: Creating Master Submix 'MasterSubmixDefault'
[2023.09.18-11.03.47:338][  0]LogAudioMixer: Display: Creating Master Submix 'MasterReverbSubmixDefault'
[2023.09.18-11.03.47:339][  0]LogAudioMixer: Display: Creating Master Submix 'MasterEQSubmixDefault'
[2023.09.18-11.03.47:339][  0]LogAudioMixer: FMixerPlatformXAudio2::StartAudioStream() called
[2023.09.18-11.03.47:339][  0]LogAudioMixer: Display: Output buffers initialized: Frames=1024, Channels=2, Samples=2048
[2023.09.18-11.03.47:340][  0]LogAudioMixer: Display: Starting AudioMixerPlatformInterface::RunInternal()
[2023.09.18-11.03.47:340][  0]LogAudioMixer: Display: FMixerPlatformXAudio2::SubmitBuffer() called for the first time
[2023.09.18-11.03.47:340][  0]LogInit: FAudioDevice initialized.
[2023.09.18-11.03.47:341][  0]LogAudio: Display: Audio Device (ID: 1) registered with world 'Untitled'.
[2023.09.18-11.03.47:341][  0]LogNetVersion: Set ProjectVersion to 1.0.0.0. Version Checksum will be recalculated on next use.
[2023.09.18-11.03.47:407][  0]LogDerivedDataCache: Saved boot cache 0.07s 94MB C:/Users/arthu/AppData/Local/UnrealEngine/4.27/DerivedDataCache/Boot.ddc.
[2023.09.18-11.03.47:408][  0]LogInit: Texture streaming: Enabled
[2023.09.18-11.03.47:425][  0]LogAnalytics: Display: [UEEditor.Rocket.Release] APIServer = https://datarouter.ol.epicgames.com/. AppVersion = 4.27.2-18319896+++UE4+Release-4.27
[2023.09.18-11.03.47:434][  0]LogEngineSessionManager: EngineSessionManager initialized
[2023.09.18-11.03.47:434][  0]LogEngineSessionManager: EngineSessionManager sent abnormal shutdown report. Type=Crashed, SessionId={B00A834B-4542-3C61-AAF4-45BC43C9BA5A}
[2023.09.18-11.03.47:434][  0]LogEditorSessionSummary: Verbose: Initializing EditorSessionSummaryWriter for editor session tracking
[2023.09.18-11.03.47:437][  0]LogEditorSessionSummary: EditorSessionSummaryWriter initialized
[2023.09.18-11.03.47:497][  0]LogInit: Transaction tracking system initialized
[2023.09.18-11.03.47:562][  0]BlueprintLog: New page: Editor Load
[2023.09.18-11.03.47:722][  0]LocalizationService: Localization service is disabled
[2023.09.18-11.03.47:789][  0]TimingProfiler: Initialize
[2023.09.18-11.03.47:790][  0]TimingProfiler: OnSessionChanged
[2023.09.18-11.03.47:790][  0]LoadingProfiler: Initialize
[2023.09.18-11.03.47:790][  0]LoadingProfiler: OnSessionChanged
[2023.09.18-11.03.47:790][  0]NetworkingProfiler: Initialize
[2023.09.18-11.03.47:790][  0]NetworkingProfiler: OnSessionChanged
[2023.09.18-11.03.47:790][  0]MemoryProfiler: Initialize
[2023.09.18-11.03.47:790][  0]MemoryProfiler: OnSessionChanged
[2023.09.18-11.03.48:100][  0]LogCook: Display: CookSettings for Memory: MemoryMaxUsedVirtual 0MiB, MemoryMaxUsedPhysical 16384MiB, MemoryMinFreeVirtual 0MiB, MemoryMinFreePhysical 1024MiB
[2023.09.18-11.03.48:100][  0]LogCook: Display: Mobile HDR setting 1
[2023.09.18-11.03.48:350][  0]LogFileCache: Scanning file cache for directory 'C:/Users/arthu/Projetos/Unreal Projects/NOLBp/N-one_Left_Behind/Content/' took 0.01s
[2023.09.18-11.03.48:602][  0]LogInit: Display: Engine is initialized. Leaving FEngineLoop::Init()
[2023.09.18-11.03.48:607][  0]SourceControl: Source control is disabled
[2023.09.18-11.03.48:607][  0]LogUnrealEdMisc: Loading editor; pre map load, took 15.040
[2023.09.18-11.03.48:607][  0]Cmd: MAP LOAD FILE="../../../../../../Users/arthu/Projetos/Unreal Projects/NOLBp/N-one_Left_Behind/Content/ThirdPersonBP/Maps/ThirdPersonExampleMap.umap" TEMPLATE=0 SHOWPROGRESS=1 FEATURELEVEL=3
[2023.09.18-11.03.48:607][  0]LightingResults: New page: Lighting Build
[2023.09.18-11.03.48:610][  0]LogWorld: UWorld::CleanupWorld for Untitled, bSessionEnded=true, bCleanupResources=true
[2023.09.18-11.03.48:611][  0]LogSlate: InvalidateAllWidgets triggered.  All widgets were invalidated
[2023.09.18-11.03.48:612][  0]MapCheck: New page: Map Check
[2023.09.18-11.03.48:612][  0]LightingResults: New page: Lighting Build
[2023.09.18-11.03.48:621][  0]LogAudio: Display: Audio Device unregistered from world 'None'.
[2023.09.18-11.03.48:627][  0]LogUObjectHash: Compacting FUObjectHashTables data took   2.32ms
[2023.09.18-11.03.49:651][  0]LogAudio: Display: Audio Device (ID: 1) registered with world 'ThirdPersonExampleMap'.
[2023.09.18-11.03.49:652][  0]LogAIModule: Creating AISystem for world ThirdPersonExampleMap
[2023.09.18-11.03.49:679][  0]LogEditorServer: Finished looking for orphan Actors (0.000 secs)
[2023.09.18-11.03.49:749][  0]LogUObjectHash: Compacting FUObjectHashTables data took   1.11ms
[2023.09.18-11.03.49:749][  0]Cmd: MAP CHECKDEP NOCLEARLOG
[2023.09.18-11.03.49:750][  0]MapCheck: Map check complete: 0 Error(s), 0 Warning(s), took 0.177ms to complete.
[2023.09.18-11.03.49:750][  0]LogFileHelpers: Loading map 'ThirdPersonExampleMap' took 1.143
[2023.09.18-11.03.49:751][  0]LogUnrealEdMisc: Total Editor Startup Time, took 16.185
[2023.09.18-11.03.49:967][  0]LogSlate: Updating window title bar state: overlay mode, drag disabled, window buttons hidden, title bar hidden
[2023.09.18-11.03.49:989][  0]LogSlate: Updating window title bar state: overlay mode, drag disabled, window buttons hidden, title bar hidden
[2023.09.18-11.03.50:009][  0]LogSlate: Updating window title bar state: overlay mode, drag disabled, window buttons hidden, title bar hidden
[2023.09.18-11.03.50:032][  0]LogSlate: Updating window title bar state: overlay mode, drag disabled, window buttons hidden, title bar hidden
[2023.09.18-11.03.50:074][  0]LogNativeClassHierarchy: Verbose: Native class hierarchy populated in 0.0284 seconds. Added 3822 classes and 928 folders.
[2023.09.18-11.03.50:082][  0]LogNativeClassHierarchy: Verbose: Native class hierarchy updated for 'WidgetCarousel' in 0.0007 seconds. Added 0 classes and 0 folders.
[2023.09.18-11.03.50:087][  0]LogPakFile: PakFile PrimaryIndexSize=187
[2023.09.18-11.03.50:087][  0]LogPakFile: PakFile PathHashIndexSize=101
[2023.09.18-11.03.50:087][  0]LogPakFile: PakFile FullDirectoryIndexSize=148
[2023.09.18-11.03.50:087][  0]LogShaderLibrary: Display: ShaderCodeLibraryPakFileMountedCallback: PakFile 'C:/Program Files/Epic Games/UE_4.27/FeaturePacks/FP_FirstPerson.upack' (chunk index -1, root 'root:/') mounted
[2023.09.18-11.03.50:087][  0]LogShaderLibrary: Display: ShaderCodeLibraryPakFileMountedCallback: pending pak file info (ChunkID:-1 Root:root:/ File:C:/Program Files/Epic Games/UE_4.27/FeaturePacks/FP_FirstPerson.upack)
[2023.09.18-11.03.50:087][  0]LogPakFile: OnPakFileMounted2Time == 0.000163
[2023.09.18-11.03.50:091][  0]LogPakFile: PakFile PrimaryIndexSize=189
[2023.09.18-11.03.50:091][  0]LogPakFile: PakFile PathHashIndexSize=101
[2023.09.18-11.03.50:091][  0]LogPakFile: PakFile FullDirectoryIndexSize=152
[2023.09.18-11.03.50:091][  0]LogShaderLibrary: Display: ShaderCodeLibraryPakFileMountedCallback: PakFile 'C:/Program Files/Epic Games/UE_4.27/FeaturePacks/FP_FirstPersonBP.upack' (chunk index -1, root 'root:/') mounted
[2023.09.18-11.03.50:091][  0]LogShaderLibrary: Display: ShaderCodeLibraryPakFileMountedCallback: pending pak file info (ChunkID:-1 Root:root:/ File:C:/Program Files/Epic Games/UE_4.27/FeaturePacks/FP_FirstPersonBP.upack)
[2023.09.18-11.03.50:091][  0]LogPakFile: OnPakFileMounted2Time == 0.000143
[2023.09.18-11.03.50:095][  0]LogPakFile: PakFile PrimaryIndexSize=191
[2023.09.18-11.03.50:095][  0]LogPakFile: PakFile PathHashIndexSize=101
[2023.09.18-11.03.50:095][  0]LogPakFile: PakFile FullDirectoryIndexSize=160
[2023.09.18-11.03.50:095][  0]LogShaderLibrary: Display: ShaderCodeLibraryPakFileMountedCallback: PakFile 'C:/Program Files/Epic Games/UE_4.27/FeaturePacks/MobileStarterContent.upack' (chunk index -1, root 'root:/') mounted
[2023.09.18-11.03.50:095][  0]LogShaderLibrary: Display: ShaderCodeLibraryPakFileMountedCallback: pending pak file info (ChunkID:-1 Root:root:/ File:C:/Program Files/Epic Games/UE_4.27/FeaturePacks/MobileStarterContent.upack)
[2023.09.18-11.03.50:095][  0]LogPakFile: OnPakFileMounted2Time == 0.000117
[2023.09.18-11.03.50:100][  0]LogPakFile: PakFile PrimaryIndexSize=185
[2023.09.18-11.03.50:100][  0]LogPakFile: PakFile PathHashIndexSize=101
[2023.09.18-11.03.50:100][  0]LogPakFile: PakFile FullDirectoryIndexSize=148
[2023.09.18-11.03.50:100][  0]LogShaderLibrary: Display: ShaderCodeLibraryPakFileMountedCallback: PakFile 'C:/Program Files/Epic Games/UE_4.27/FeaturePacks/StarterContent.upack' (chunk index -1, root 'root:/') mounted
[2023.09.18-11.03.50:100][  0]LogShaderLibrary: Display: ShaderCodeLibraryPakFileMountedCallback: pending pak file info (ChunkID:-1 Root:root:/ File:C:/Program Files/Epic Games/UE_4.27/FeaturePacks/StarterContent.upack)
[2023.09.18-11.03.50:100][  0]LogPakFile: OnPakFileMounted2Time == 0.000127
[2023.09.18-11.03.50:103][  0]LogPakFile: PakFile PrimaryIndexSize=190
[2023.09.18-11.03.50:103][  0]LogPakFile: PakFile PathHashIndexSize=101
[2023.09.18-11.03.50:103][  0]LogPakFile: PakFile FullDirectoryIndexSize=154
[2023.09.18-11.03.50:104][  0]LogShaderLibrary: Display: ShaderCodeLibraryPakFileMountedCallback: PakFile 'C:/Program Files/Epic Games/UE_4.27/FeaturePacks/TP_2DSideScroller.upack' (chunk index -1, root 'root:/') mounted
[2023.09.18-11.03.50:104][  0]LogShaderLibrary: Display: ShaderCodeLibraryPakFileMountedCallback: pending pak file info (ChunkID:-1 Root:root:/ File:C:/Program Files/Epic Games/UE_4.27/FeaturePacks/TP_2DSideScroller.upack)
[2023.09.18-11.03.50:104][  0]LogPakFile: OnPakFileMounted2Time == 0.000130
[2023.09.18-11.03.50:107][  0]LogPakFile: PakFile PrimaryIndexSize=192
[2023.09.18-11.03.50:107][  0]LogPakFile: PakFile PathHashIndexSize=101
[2023.09.18-11.03.50:107][  0]LogPakFile: PakFile FullDirectoryIndexSize=158
[2023.09.18-11.03.50:107][  0]LogShaderLibrary: Display: ShaderCodeLibraryPakFileMountedCallback: PakFile 'C:/Program Files/Epic Games/UE_4.27/FeaturePacks/TP_2DSideScrollerBP.upack' (chunk index -1, root 'root:/') mounted
[2023.09.18-11.03.50:108][  0]LogShaderLibrary: Display: ShaderCodeLibraryPakFileMountedCallback: pending pak file info (ChunkID:-1 Root:root:/ File:C:/Program Files/Epic Games/UE_4.27/FeaturePacks/TP_2DSideScrollerBP.upack)
[2023.09.18-11.03.50:108][  0]LogPakFile: OnPakFileMounted2Time == 0.000169
[2023.09.18-11.03.50:110][  0]LogPakFile: PakFile PrimaryIndexSize=182
[2023.09.18-11.03.50:111][  0]LogPakFile: PakFile PathHashIndexSize=101
[2023.09.18-11.03.50:111][  0]LogPakFile: PakFile FullDirectoryIndexSize=138
[2023.09.18-11.03.50:111][  0]LogShaderLibrary: Display: ShaderCodeLibraryPakFileMountedCallback: PakFile 'C:/Program Files/Epic Games/UE_4.27/FeaturePacks/TP_Flying.upack' (chunk index -1, root 'root:/') mounted
[2023.09.18-11.03.50:111][  0]LogShaderLibrary: Display: ShaderCodeLibraryPakFileMountedCallback: pending pak file info (ChunkID:-1 Root:root:/ File:C:/Program Files/Epic Games/UE_4.27/FeaturePacks/TP_Flying.upack)
[2023.09.18-11.03.50:111][  0]LogPakFile: OnPakFileMounted2Time == 0.000115
[2023.09.18-11.03.50:114][  0]LogPakFile: PakFile PrimaryIndexSize=184
[2023.09.18-11.03.50:115][  0]LogPakFile: PakFile PathHashIndexSize=101
[2023.09.18-11.03.50:115][  0]LogPakFile: PakFile FullDirectoryIndexSize=142
[2023.09.18-11.03.50:115][  0]LogShaderLibrary: Display: ShaderCodeLibraryPakFileMountedCallback: PakFile 'C:/Program Files/Epic Games/UE_4.27/FeaturePacks/TP_FlyingBP.upack' (chunk index -1, root 'root:/') mounted
[2023.09.18-11.03.50:115][  0]LogShaderLibrary: Display: ShaderCodeLibraryPakFileMountedCallback: pending pak file info (ChunkID:-1 Root:root:/ File:C:/Program Files/Epic Games/UE_4.27/FeaturePacks/TP_FlyingBP.upack)
[2023.09.18-11.03.50:115][  0]LogPakFile: OnPakFileMounted2Time == 0.000120
[2023.09.18-11.03.50:119][  0]LogPakFile: PakFile PrimaryIndexSize=188
[2023.09.18-11.03.50:119][  0]LogPakFile: PakFile PathHashIndexSize=101
[2023.09.18-11.03.50:119][  0]LogPakFile: PakFile FullDirectoryIndexSize=150
[2023.09.18-11.03.50:119][  0]LogShaderLibrary: Display: ShaderCodeLibraryPakFileMountedCallback: PakFile 'C:/Program Files/Epic Games/UE_4.27/FeaturePacks/TP_HandheldARBP.upack' (chunk index -1, root 'root:/') mounted
[2023.09.18-11.03.50:119][  0]LogShaderLibrary: Display: ShaderCodeLibraryPakFileMountedCallback: pending pak file info (ChunkID:-1 Root:root:/ File:C:/Program Files/Epic Games/UE_4.27/FeaturePacks/TP_HandheldARBP.upack)
[2023.09.18-11.03.50:119][  0]LogPakFile: OnPakFileMounted2Time == 0.000120
[2023.09.18-11.03.50:124][  0]LogPakFile: PakFile PrimaryIndexSize=182
[2023.09.18-11.03.50:124][  0]LogPakFile: PakFile PathHashIndexSize=101
[2023.09.18-11.03.50:124][  0]LogPakFile: PakFile FullDirectoryIndexSize=138
[2023.09.18-11.03.50:124][  0]LogShaderLibrary: Display: ShaderCodeLibraryPakFileMountedCallback: PakFile 'C:/Program Files/Epic Games/UE_4.27/FeaturePacks/TP_Puzzle.upack' (chunk index -1, root 'root:/') mounted
[2023.09.18-11.03.50:124][  0]LogShaderLibrary: Display: ShaderCodeLibraryPakFileMountedCallback: pending pak file info (ChunkID:-1 Root:root:/ File:C:/Program Files/Epic Games/UE_4.27/FeaturePacks/TP_Puzzle.upack)
[2023.09.18-11.03.50:124][  0]LogPakFile: OnPakFileMounted2Time == 0.000121
[2023.09.18-11.03.50:127][  0]LogPakFile: PakFile PrimaryIndexSize=184
[2023.09.18-11.03.50:127][  0]LogPakFile: PakFile PathHashIndexSize=101
[2023.09.18-11.03.50:127][  0]LogPakFile: PakFile FullDirectoryIndexSize=142
[2023.09.18-11.03.50:127][  0]LogShaderLibrary: Display: ShaderCodeLibraryPakFileMountedCallback: PakFile 'C:/Program Files/Epic Games/UE_4.27/FeaturePacks/TP_PuzzleBP.upack' (chunk index -1, root 'root:/') mounted
[2023.09.18-11.03.50:128][  0]LogShaderLibrary: Display: ShaderCodeLibraryPakFileMountedCallback: pending pak file info (ChunkID:-1 Root:root:/ File:C:/Program Files/Epic Games/UE_4.27/FeaturePacks/TP_PuzzleBP.upack)
[2023.09.18-11.03.50:128][  0]LogPakFile: OnPakFileMounted2Time == 0.000151
[2023.09.18-11.03.50:130][  0]LogPakFile: PakFile PrimaryIndexSize=183
[2023.09.18-11.03.50:131][  0]LogPakFile: PakFile PathHashIndexSize=101
[2023.09.18-11.03.50:131][  0]LogPakFile: PakFile FullDirectoryIndexSize=140
[2023.09.18-11.03.50:131][  0]LogShaderLibrary: Display: ShaderCodeLibraryPakFileMountedCallback: PakFile 'C:/Program Files/Epic Games/UE_4.27/FeaturePacks/TP_Rolling.upack' (chunk index -1, root 'root:/') mounted
[2023.09.18-11.03.50:131][  0]LogShaderLibrary: Display: ShaderCodeLibraryPakFileMountedCallback: pending pak file info (ChunkID:-1 Root:root:/ File:C:/Program Files/Epic Games/UE_4.27/FeaturePacks/TP_Rolling.upack)
[2023.09.18-11.03.50:131][  0]LogPakFile: OnPakFileMounted2Time == 0.000112
[2023.09.18-11.03.50:134][  0]LogPakFile: PakFile PrimaryIndexSize=185
[2023.09.18-11.03.50:135][  0]LogPakFile: PakFile PathHashIndexSize=101
[2023.09.18-11.03.50:135][  0]LogPakFile: PakFile FullDirectoryIndexSize=144
[2023.09.18-11.03.50:135][  0]LogShaderLibrary: Display: ShaderCodeLibraryPakFileMountedCallback: PakFile 'C:/Program Files/Epic Games/UE_4.27/FeaturePacks/TP_RollingBP.upack' (chunk index -1, root 'root:/') mounted
[2023.09.18-11.03.50:135][  0]LogShaderLibrary: Display: ShaderCodeLibraryPakFileMountedCallback: pending pak file info (ChunkID:-1 Root:root:/ File:C:/Program Files/Epic Games/UE_4.27/FeaturePacks/TP_RollingBP.upack)
[2023.09.18-11.03.50:135][  0]LogPakFile: OnPakFileMounted2Time == 0.000118
[2023.09.18-11.03.50:139][  0]LogPakFile: PakFile PrimaryIndexSize=188
[2023.09.18-11.03.50:139][  0]LogPakFile: PakFile PathHashIndexSize=101
[2023.09.18-11.03.50:139][  0]LogPakFile: PakFile FullDirectoryIndexSize=150
[2023.09.18-11.03.50:139][  0]LogShaderLibrary: Display: ShaderCodeLibraryPakFileMountedCallback: PakFile 'C:/Program Files/Epic Games/UE_4.27/FeaturePacks/TP_SideScroller.upack' (chunk index -1, root 'root:/') mounted
[2023.09.18-11.03.50:139][  0]LogShaderLibrary: Display: ShaderCodeLibraryPakFileMountedCallback: pending pak file info (ChunkID:-1 Root:root:/ File:C:/Program Files/Epic Games/UE_4.27/FeaturePacks/TP_SideScroller.upack)
[2023.09.18-11.03.50:139][  0]LogPakFile: OnPakFileMounted2Time == 0.000121
[2023.09.18-11.03.50:142][  0]LogPakFile: PakFile PrimaryIndexSize=190
[2023.09.18-11.03.50:142][  0]LogPakFile: PakFile PathHashIndexSize=101
[2023.09.18-11.03.50:142][  0]LogPakFile: PakFile FullDirectoryIndexSize=154
[2023.09.18-11.03.50:142][  0]LogShaderLibrary: Display: ShaderCodeLibraryPakFileMountedCallback: PakFile 'C:/Program Files/Epic Games/UE_4.27/FeaturePacks/TP_SideScrollerBP.upack' (chunk index -1, root 'root:/') mounted
[2023.09.18-11.03.50:143][  0]LogShaderLibrary: Display: ShaderCodeLibraryPakFileMountedCallback: pending pak file info (ChunkID:-1 Root:root:/ File:C:/Program Files/Epic Games/UE_4.27/FeaturePacks/TP_SideScrollerBP.upack)
[2023.09.18-11.03.50:143][  0]LogPakFile: OnPakFileMounted2Time == 0.000162
[2023.09.18-11.03.50:145][  0]LogPakFile: PakFile PrimaryIndexSize=187
[2023.09.18-11.03.50:145][  0]LogPakFile: PakFile PathHashIndexSize=101
[2023.09.18-11.03.50:145][  0]LogPakFile: PakFile FullDirectoryIndexSize=148
[2023.09.18-11.03.50:145][  0]LogShaderLibrary: Display: ShaderCodeLibraryPakFileMountedCallback: PakFile 'C:/Program Files/Epic Games/UE_4.27/FeaturePacks/TP_ThirdPerson.upack' (chunk index -1, root 'root:/') mounted
[2023.09.18-11.03.50:145][  0]LogShaderLibrary: Display: ShaderCodeLibraryPakFileMountedCallback: pending pak file info (ChunkID:-1 Root:root:/ File:C:/Program Files/Epic Games/UE_4.27/FeaturePacks/TP_ThirdPerson.upack)
[2023.09.18-11.03.50:145][  0]LogPakFile: OnPakFileMounted2Time == 0.000114
[2023.09.18-11.03.50:148][  0]LogPakFile: PakFile PrimaryIndexSize=189
[2023.09.18-11.03.50:148][  0]LogPakFile: PakFile PathHashIndexSize=101
[2023.09.18-11.03.50:148][  0]LogPakFile: PakFile FullDirectoryIndexSize=152
[2023.09.18-11.03.50:148][  0]LogShaderLibrary: Display: ShaderCodeLibraryPakFileMountedCallback: PakFile 'C:/Program Files/Epic Games/UE_4.27/FeaturePacks/TP_ThirdPersonBP.upack' (chunk index -1, root 'root:/') mounted
[2023.09.18-11.03.50:148][  0]LogShaderLibrary: Display: ShaderCodeLibraryPakFileMountedCallback: pending pak file info (ChunkID:-1 Root:root:/ File:C:/Program Files/Epic Games/UE_4.27/FeaturePacks/TP_ThirdPersonBP.upack)
[2023.09.18-11.03.50:148][  0]LogPakFile: OnPakFileMounted2Time == 0.000108
[2023.09.18-11.03.50:151][  0]LogPakFile: PakFile PrimaryIndexSize=183
[2023.09.18-11.03.50:151][  0]LogPakFile: PakFile PathHashIndexSize=101
[2023.09.18-11.03.50:151][  0]LogPakFile: PakFile FullDirectoryIndexSize=140
[2023.09.18-11.03.50:151][  0]LogShaderLibrary: Display: ShaderCodeLibraryPakFileMountedCallback: PakFile 'C:/Program Files/Epic Games/UE_4.27/FeaturePacks/TP_TopDown.upack' (chunk index -1, root 'root:/') mounted
[2023.09.18-11.03.50:151][  0]LogShaderLibrary: Display: ShaderCodeLibraryPakFileMountedCallback: pending pak file info (ChunkID:-1 Root:root:/ File:C:/Program Files/Epic Games/UE_4.27/FeaturePacks/TP_TopDown.upack)
[2023.09.18-11.03.50:151][  0]LogPakFile: OnPakFileMounted2Time == 0.000134
[2023.09.18-11.03.50:154][  0]LogPakFile: PakFile PrimaryIndexSize=185
[2023.09.18-11.03.50:154][  0]LogPakFile: PakFile PathHashIndexSize=101
[2023.09.18-11.03.50:154][  0]LogPakFile: PakFile FullDirectoryIndexSize=144
[2023.09.18-11.03.50:154][  0]LogShaderLibrary: Display: ShaderCodeLibraryPakFileMountedCallback: PakFile 'C:/Program Files/Epic Games/UE_4.27/FeaturePacks/TP_TopDownBP.upack' (chunk index -1, root 'root:/') mounted
[2023.09.18-11.03.50:154][  0]LogShaderLibrary: Display: ShaderCodeLibraryPakFileMountedCallback: pending pak file info (ChunkID:-1 Root:root:/ File:C:/Program Files/Epic Games/UE_4.27/FeaturePacks/TP_TopDownBP.upack)
[2023.09.18-11.03.50:154][  0]LogPakFile: OnPakFileMounted2Time == 0.000109
[2023.09.18-11.03.50:158][  0]LogPakFile: PakFile PrimaryIndexSize=185
[2023.09.18-11.03.50:158][  0]LogPakFile: PakFile PathHashIndexSize=101
[2023.09.18-11.03.50:159][  0]LogPakFile: PakFile FullDirectoryIndexSize=144
[2023.09.18-11.03.50:159][  0]LogShaderLibrary: Display: ShaderCodeLibraryPakFileMountedCallback: PakFile 'C:/Program Files/Epic Games/UE_4.27/FeaturePacks/TP_TwinStick.upack' (chunk index -1, root 'root:/') mounted
[2023.09.18-11.03.50:159][  0]LogShaderLibrary: Display: ShaderCodeLibraryPakFileMountedCallback: pending pak file info (ChunkID:-1 Root:root:/ File:C:/Program Files/Epic Games/UE_4.27/FeaturePacks/TP_TwinStick.upack)
[2023.09.18-11.03.50:159][  0]LogPakFile: OnPakFileMounted2Time == 0.000117
[2023.09.18-11.03.50:161][  0]LogPakFile: PakFile PrimaryIndexSize=187
[2023.09.18-11.03.50:162][  0]LogPakFile: PakFile PathHashIndexSize=101
[2023.09.18-11.03.50:162][  0]LogPakFile: PakFile FullDirectoryIndexSize=148
[2023.09.18-11.03.50:162][  0]LogShaderLibrary: Display: ShaderCodeLibraryPakFileMountedCallback: PakFile 'C:/Program Files/Epic Games/UE_4.27/FeaturePacks/TP_TwinStickBP.upack' (chunk index -1, root 'root:/') mounted
[2023.09.18-11.03.50:162][  0]LogShaderLibrary: Display: ShaderCodeLibraryPakFileMountedCallback: pending pak file info (ChunkID:-1 Root:root:/ File:C:/Program Files/Epic Games/UE_4.27/FeaturePacks/TP_TwinStickBP.upack)
[2023.09.18-11.03.50:162][  0]LogPakFile: OnPakFileMounted2Time == 0.000123
[2023.09.18-11.03.50:166][  0]LogPakFile: PakFile PrimaryIndexSize=183
[2023.09.18-11.03.50:166][  0]LogPakFile: PakFile PathHashIndexSize=101
[2023.09.18-11.03.50:166][  0]LogPakFile: PakFile FullDirectoryIndexSize=140
[2023.09.18-11.03.50:166][  0]LogShaderLibrary: Display: ShaderCodeLibraryPakFileMountedCallback: PakFile 'C:/Program Files/Epic Games/UE_4.27/FeaturePacks/TP_Vehicle.upack' (chunk index -1, root 'root:/') mounted
[2023.09.18-11.03.50:167][  0]LogShaderLibrary: Display: ShaderCodeLibraryPakFileMountedCallback: pending pak file info (ChunkID:-1 Root:root:/ File:C:/Program Files/Epic Games/UE_4.27/FeaturePacks/TP_Vehicle.upack)
[2023.09.18-11.03.50:167][  0]LogPakFile: OnPakFileMounted2Time == 0.000127
[2023.09.18-11.03.50:171][  0]LogPakFile: PakFile PrimaryIndexSize=186
[2023.09.18-11.03.50:171][  0]LogPakFile: PakFile PathHashIndexSize=101
[2023.09.18-11.03.50:171][  0]LogPakFile: PakFile FullDirectoryIndexSize=146
[2023.09.18-11.03.50:171][  0]LogShaderLibrary: Display: ShaderCodeLibraryPakFileMountedCallback: PakFile 'C:/Program Files/Epic Games/UE_4.27/FeaturePacks/TP_VehicleAdv.upack' (chunk index -1, root 'root:/') mounted
[2023.09.18-11.03.50:171][  0]LogShaderLibrary: Display: ShaderCodeLibraryPakFileMountedCallback: pending pak file info (ChunkID:-1 Root:root:/ File:C:/Program Files/Epic Games/UE_4.27/FeaturePacks/TP_VehicleAdv.upack)
[2023.09.18-11.03.50:171][  0]LogPakFile: OnPakFileMounted2Time == 0.000119
[2023.09.18-11.03.50:174][  0]LogPakFile: PakFile PrimaryIndexSize=188
[2023.09.18-11.03.50:174][  0]LogPakFile: PakFile PathHashIndexSize=101
[2023.09.18-11.03.50:174][  0]LogPakFile: PakFile FullDirectoryIndexSize=150
[2023.09.18-11.03.50:174][  0]LogShaderLibrary: Display: ShaderCodeLibraryPakFileMountedCallback: PakFile 'C:/Program Files/Epic Games/UE_4.27/FeaturePacks/TP_VehicleAdvBP.upack' (chunk index -1, root 'root:/') mounted
[2023.09.18-11.03.50:174][  0]LogShaderLibrary: Display: ShaderCodeLibraryPakFileMountedCallback: pending pak file info (ChunkID:-1 Root:root:/ File:C:/Program Files/Epic Games/UE_4.27/FeaturePacks/TP_VehicleAdvBP.upack)
[2023.09.18-11.03.50:174][  0]LogPakFile: OnPakFileMounted2Time == 0.000126
[2023.09.18-11.03.50:177][  0]LogPakFile: PakFile PrimaryIndexSize=185
[2023.09.18-11.03.50:177][  0]LogPakFile: PakFile PathHashIndexSize=101
[2023.09.18-11.03.50:177][  0]LogPakFile: PakFile FullDirectoryIndexSize=144
[2023.09.18-11.03.50:177][  0]LogShaderLibrary: Display: ShaderCodeLibraryPakFileMountedCallback: PakFile 'C:/Program Files/Epic Games/UE_4.27/FeaturePacks/TP_VehicleBP.upack' (chunk index -1, root 'root:/') mounted
[2023.09.18-11.03.50:177][  0]LogShaderLibrary: Display: ShaderCodeLibraryPakFileMountedCallback: pending pak file info (ChunkID:-1 Root:root:/ File:C:/Program Files/Epic Games/UE_4.27/FeaturePacks/TP_VehicleBP.upack)
[2023.09.18-11.03.50:177][  0]LogPakFile: OnPakFileMounted2Time == 0.000116
[2023.09.18-11.03.50:180][  0]LogPakFile: PakFile PrimaryIndexSize=192
[2023.09.18-11.03.50:180][  0]LogPakFile: PakFile PathHashIndexSize=101
[2023.09.18-11.03.50:181][  0]LogPakFile: PakFile FullDirectoryIndexSize=158
[2023.09.18-11.03.50:181][  0]LogShaderLibrary: Display: ShaderCodeLibraryPakFileMountedCallback: PakFile 'C:/Program Files/Epic Games/UE_4.27/FeaturePacks/TP_VirtualRealityBP.upack' (chunk index -1, root 'root:/') mounted
[2023.09.18-11.03.50:181][  0]LogShaderLibrary: Display: ShaderCodeLibraryPakFileMountedCallback: pending pak file info (ChunkID:-1 Root:root:/ File:C:/Program Files/Epic Games/UE_4.27/FeaturePacks/TP_VirtualRealityBP.upack)
[2023.09.18-11.03.50:181][  0]LogPakFile: OnPakFileMounted2Time == 0.000137
[2023.09.18-11.03.50:481][  0]LogNativeClassHierarchy: Verbose: Native class hierarchy updated for 'AddContentDialog' in 0.0007 seconds. Added 0 classes and 0 folders.
[2023.09.18-11.03.50:498][  0]LogNativeClassHierarchy: Verbose: Native class hierarchy updated for 'SceneOutliner' in 0.0007 seconds. Added 2 classes and 0 folders.
[2023.09.18-11.03.50:543][  0]LogSlate: Took 0.000416 seconds to synchronously load lazily loaded font '../../../Engine/Content/Slate/Fonts/Roboto-Regular.ttf' (155K)
[2023.09.18-11.03.50:549][  0]LogSlate: Took 0.000932 seconds to synchronously load lazily loaded font '../../../Engine/Content/Editor/Slate/Fonts/FontAwesome.ttf' (139K)
[2023.09.18-11.03.50:552][  0]LogSlate: Took 0.000329 seconds to synchronously load lazily loaded font '../../../Engine/Content/Slate/Fonts/Roboto-Bold.ttf' (160K)
[2023.09.18-11.03.50:778][  0]LogRenderer: Reallocating scene render targets to support 768x380 Format 10 NumSamples 1 (Frame:1).
[2023.09.18-11.03.50:989][  0]LogNativeClassHierarchy: Verbose: Native class hierarchy updated for 'HierarchicalLODOutliner' in 0.0006 seconds. Added 0 classes and 0 folders.
[2023.09.18-11.03.50:989][  0]LogInput: Warning: Action Jump uses invalid key OculusGo_Left_Trigger_Click.
[2023.09.18-11.03.50:989][  0]LogInput: Warning: Action ResetVR uses invalid key OculusGo_Left_Trackpad_Click.
[2023.09.18-11.03.50:989][  0]LogInput: Warning: Use -RemoveInvalidKeys to remove instances of these keys from the action mapping.
[2023.09.18-11.03.50:989][  0]LogLoad: (Engine Initialization) Total time: 17.42 seconds
[2023.09.18-11.03.50:989][  0]LogLoad: (Engine Initialization) Total Blueprint compile time: 0.00 seconds
[2023.09.18-11.03.51:318][  0]LogAssetRegistry: Asset discovery search completed in 10.1478 seconds
[2023.09.18-11.03.51:333][  0]LogCollectionManager: Fixed up redirectors for 0 collections in 0.000005 seconds (updated 0 objects)
[2023.09.18-11.03.51:334][  0]LogContentStreaming: Texture pool size now 1000 MB
[2023.09.18-11.03.51:460][  2]LogSlate: Took 0.008224 seconds to synchronously load lazily loaded font '../../../Engine/Content/Slate/Fonts/Roboto-Light.ttf' (167K)
[2023.09.18-11.04.00:810][355]LogUObjectHash: Compacting FUObjectHashTables data took   1.62ms
[2023.09.18-11.04.00:818][355]LogSlate: Took 0.000263 seconds to synchronously load lazily loaded font '../../../Engine/Content/Slate/Fonts/Roboto-Light.ttf' (167K)
[2023.09.18-11.04.01:013][355]LogAssetEditorSubsystem: Opening Asset editor for World /Game/ThirdPersonBP/Maps/Untitled.Untitled
[2023.09.18-11.04.01:014][355]Cmd: MAP LOAD FILE="../../../../../../Users/arthu/Projetos/Unreal Projects/NOLBp/N-one_Left_Behind/Content/ThirdPersonBP/Maps/Untitled.umap" TEMPLATE=0 SHOWPROGRESS=1 FEATURELEVEL=3
[2023.09.18-11.04.01:014][355]LightingResults: New page: Lighting Build
[2023.09.18-11.04.01:014][355]LoadErrors: New page: Loading map: Untitled.umap
[2023.09.18-11.04.01:020][355]LogWorld: UWorld::CleanupWorld for ThirdPersonExampleMap, bSessionEnded=true, bCleanupResources=true
[2023.09.18-11.04.01:020][355]LogSlate: InvalidateAllWidgets triggered.  All widgets were invalidated
[2023.09.18-11.04.01:020][355]MapCheck: New page: Map Check
[2023.09.18-11.04.01:020][355]LightingResults: New page: Lighting Build
[2023.09.18-11.04.01:029][355]LogAudio: Display: Audio Device unregistered from world 'None'.
[2023.09.18-11.04.01:096][355]LogUObjectHash: Compacting FUObjectHashTables data took   1.92ms
[2023.09.18-11.04.01:099][355]LogAudio: Display: Audio Device (ID: 1) registered with world 'Untitled'.
[2023.09.18-11.04.01:192][355]LogEditorServer: Finished looking for orphan Actors (0.000 secs)
[2023.09.18-11.04.01:192][355]LogAIModule: Creating AISystem for world Untitled
[2023.09.18-11.04.01:280][355]LogUObjectHash: Compacting FUObjectHashTables data took   1.35ms
[2023.09.18-11.04.01:298][355]Cmd: MAP CHECKDEP NOCLEARLOG
[2023.09.18-11.04.01:300][355]MapCheck: Map check complete: 0 Error(s), 0 Warning(s), took 0.779ms to complete.
[2023.09.18-11.04.01:300][355]LogFileHelpers: Loading map 'Untitled' took 0.286
[2023.09.18-11.05.30:993][165]LogD3D11RHI: Timed out while waiting for GPU to catch up. (0.5 s) (ErrorCode 00000001) (00000000)
